# JRE version: OpenJDK Runtime Environment (8.0_151-b12) (build 1.8.0_151-8u151-b12-0ubuntu0.16.04.2-b12)
# Java VM: OpenJDK 64-Bit Server VM (25.151-b12 mixed mode linux-amd64 compressed oops)
Heap:
 garbage-first heap   total 262144K, used 160913K [0x00000000c0000000, 0x00000000c0100800, 0x0000000100000000)
  region size 1024K, 52 young (53248K), 4 survivors (4096K)
 Metaspace       used 118292K, capacity 128952K, committed 129216K, reserved 1159168K
  class space    used 17045K, capacity 20393K, committed 20428K, reserved 1048576K
GC Heap History (10 events):
Event: 109,636 GC heap before
{Heap before GC invocations=21 (full 0):
 garbage-first heap   total 262144K, used 205824K [0x00000000c0000000, 0x00000000c0100800, 0x0000000100000000)
  region size 1024K, 85 young (87040K), 2 survivors (2048K)
 Metaspace       used 112854K, capacity 123176K, committed 123840K, reserved 1153024K
  class space    used 16413K, capacity 19688K, committed 19916K, reserved 1048576K
Event: 109,666 GC heap after
Heap after GC invocations=22 (full 0):
 garbage-first heap   total 262144K, used 123392K [0x00000000c0000000, 0x00000000c0100800, 0x0000000100000000)
  region size 1024K, 5 young (5120K), 5 survivors (5120K)
 Metaspace       used 112854K, capacity 123176K, committed 123840K, reserved 1153024K
  class space    used 16413K, capacity 19688K, committed 19916K, reserved 1048576K
}
Event: 117,644 GC heap before
{Heap before GC invocations=22 (full 0):
 garbage-first heap   total 262144K, used 210432K [0x00000000c0000000, 0x00000000c0100800, 0x0000000100000000)
  region size 1024K, 90 young (92160K), 5 survivors (5120K)
 Metaspace       used 114162K, capacity 124546K, committed 124864K, reserved 1155072K
  class space    used 16529K, capacity 19780K, committed 19916K, reserved 1048576K
Event: 117,661 GC heap after
Heap after GC invocations=23 (full 0):
 garbage-first heap   total 262144K, used 125952K [0x00000000c0000000, 0x00000000c0100800, 0x0000000100000000)
  region size 1024K, 7 young (7168K), 7 survivors (7168K)
 Metaspace       used 114162K, capacity 124546K, committed 124864K, reserved 1155072K
  class space    used 16529K, capacity 19780K, committed 19916K, reserved 1048576K
}
Event: 129,167 GC heap before
{Heap before GC invocations=24 (full 0):
 garbage-first heap   total 262144K, used 211967K [0x00000000c0000000, 0x00000000c0100800, 0x0000000100000000)
  region size 1024K, 94 young (96256K), 7 survivors (7168K)
 Metaspace       used 114947K, capacity 125404K, committed 125760K, reserved 1155072K
  class space    used 16602K, capacity 19912K, committed 20044K, reserved 1048576K
Event: 129,189 GC heap after
Heap after GC invocations=25 (full 0):
 garbage-first heap   total 262144K, used 122367K [0x00000000c0000000, 0x00000000c0100800, 0x0000000100000000)
  region size 1024K, 7 young (7168K), 7 survivors (7168K)
 Metaspace       used 114947K, capacity 125404K, committed 125760K, reserved 1155072K
  class space    used 16602K, capacity 19912K, committed 20044K, reserved 1048576K
}
Event: 136,192 GC heap before
{Heap before GC invocations=25 (full 0):
 garbage-first heap   total 262144K, used 127487K [0x00000000c0000000, 0x00000000c0100800, 0x0000000100000000)
  region size 1024K, 12 young (12288K), 7 survivors (7168K)
 Metaspace       used 114947K, capacity 125404K, committed 125760K, reserved 1155072K
  class space    used 16602K, capacity 19912K, committed 20044K, reserved 1048576K
Event: 136,240 GC heap after
Heap after GC invocations=26 (full 0):
 garbage-first heap   total 262144K, used 110279K [0x00000000c0000000, 0x00000000c0100800, 0x0000000100000000)
  region size 1024K, 2 young (2048K), 2 survivors (2048K)
 Metaspace       used 114947K, capacity 125404K, committed 125760K, reserved 1155072K
  class space    used 16602K, capacity 19912K, committed 20044K, reserved 1048576K
}
Event: 191,218 GC heap before
{Heap before GC invocations=26 (full 0):
 garbage-first heap   total 262144K, used 214727K [0x00000000c0000000, 0x00000000c0100800, 0x0000000100000000)
  region size 1024K, 104 young (106496K), 2 survivors (2048K)
 Metaspace       used 116622K, capacity 127036K, committed 127424K, reserved 1157120K
  class space    used 16840K, capacity 20123K, committed 20172K, reserved 1048576K
Event: 191,235 GC heap after
Heap after GC invocations=27 (full 0):
 garbage-first heap   total 262144K, used 112785K [0x00000000c0000000, 0x00000000c0100800, 0x0000000100000000)
  region size 1024K, 4 young (4096K), 4 survivors (4096K)
 Metaspace       used 116622K, capacity 127036K, committed 127424K, reserved 1157120K
  class space    used 16840K, capacity 20123K, committed 20172K, reserved 1048576K
}

