# JRE version: OpenJDK Runtime Environment (8.0_212-b03) (build 1.8.0_212-8u212-b03-0ubuntu1.16.04.1-b03)
# Java VM: OpenJDK 64-Bit Server VM (25.212-b03 mixed mode linux-amd64 compressed oops)
Heap:
 garbage-first heap   total 272384K, used 186367K [0x00000000c0000000, 0x00000000c0100850, 0x0000000100000000)
  region size 1024K, 69 young (70656K), 8 survivors (8192K)
 Metaspace       used 141535K, capacity 152506K, committed 152780K, reserved 1179648K
  class space    used 20167K, capacity 23470K, committed 23500K, reserved 1048576K
GC Heap History (10 events):
Event: 77,656 GC heap before
{Heap before GC invocations=25 (full 0):
 garbage-first heap   total 272384K, used 223232K [0x00000000c0000000, 0x00000000c0100850, 0x0000000100000000)
  region size 1024K, 94 young (96256K), 8 survivors (8192K)
 Metaspace       used 131297K, capacity 141560K, committed 141772K, reserved 1169408K
  class space    used 18667K, capacity 21852K, committed 21964K, reserved 1048576K
Event: 77,680 GC heap after
Heap after GC invocations=26 (full 0):
 garbage-first heap   total 272384K, used 138752K [0x00000000c0000000, 0x00000000c0100850, 0x0000000100000000)
  region size 1024K, 11 young (11264K), 11 survivors (11264K)
 Metaspace       used 131297K, capacity 141560K, committed 141772K, reserved 1169408K
  class space    used 18667K, capacity 21852K, committed 21964K, reserved 1048576K
}
Event: 77,708 GC heap before
{Heap before GC invocations=26 (full 0):
 garbage-first heap   total 272384K, used 140800K [0x00000000c0000000, 0x00000000c0100850, 0x0000000100000000)
  region size 1024K, 13 young (13312K), 11 survivors (11264K)
 Metaspace       used 131509K, capacity 141868K, committed 142028K, reserved 1169408K
  class space    used 18687K, capacity 21888K, committed 21964K, reserved 1048576K
Event: 77,749 GC heap after
Heap after GC invocations=27 (full 0):
 garbage-first heap   total 272384K, used 119808K [0x00000000c0000000, 0x00000000c0100850, 0x0000000100000000)
  region size 1024K, 2 young (2048K), 2 survivors (2048K)
 Metaspace       used 131509K, capacity 141868K, committed 142028K, reserved 1169408K
  class space    used 18687K, capacity 21888K, committed 21964K, reserved 1048576K
}
Event: 77,875 GC heap before
{Heap before GC invocations=27 (full 0):
 garbage-first heap   total 272384K, used 131072K [0x00000000c0000000, 0x00000000c0100850, 0x0000000100000000)
  region size 1024K, 13 young (13312K), 2 survivors (2048K)
 Metaspace       used 131905K, capacity 142340K, committed 142540K, reserved 1169408K
  class space    used 18744K, capacity 21958K, committed 21964K, reserved 1048576K
Event: 77,912 GC heap after
Heap after GC invocations=28 (full 0):
 garbage-first heap   total 272384K, used 118784K [0x00000000c0000000, 0x00000000c0100850, 0x0000000100000000)
  region size 1024K, 2 young (2048K), 2 survivors (2048K)
 Metaspace       used 131905K, capacity 142340K, committed 142540K, reserved 1169408K
  class space    used 18744K, capacity 21958K, committed 21964K, reserved 1048576K
}
Event: 79,016 GC heap before
{Heap before GC invocations=28 (full 0):
 garbage-first heap   total 272384K, used 233472K [0x00000000c0000000, 0x00000000c0100850, 0x0000000100000000)
  region size 1024K, 114 young (116736K), 2 survivors (2048K)
 Metaspace       used 136888K, capacity 147646K, committed 147788K, reserved 1173504K
  class space    used 19723K, capacity 23013K, committed 23116K, reserved 1048576K
Event: 79,046 GC heap after
Heap after GC invocations=29 (full 0):
 garbage-first heap   total 272384K, used 128937K [0x00000000c0000000, 0x00000000c0100850, 0x0000000100000000)
  region size 1024K, 12 young (12288K), 12 survivors (12288K)
 Metaspace       used 136888K, capacity 147646K, committed 147788K, reserved 1173504K
  class space    used 19723K, capacity 23013K, committed 23116K, reserved 1048576K
}
Event: 91,086 GC heap before
{Heap before GC invocations=29 (full 0):
 garbage-first heap   total 272384K, used 232361K [0x00000000c0000000, 0x00000000c0100850, 0x0000000100000000)
  region size 1024K, 113 young (115712K), 12 survivors (12288K)
 Metaspace       used 140355K, capacity 151230K, committed 151372K, reserved 1177600K
  class space    used 20042K, capacity 23327K, committed 23372K, reserved 1048576K
Event: 91,102 GC heap after
Heap after GC invocations=30 (full 0):
 garbage-first heap   total 272384K, used 124927K [0x00000000c0000000, 0x00000000c0100850, 0x0000000100000000)
  region size 1024K, 8 young (8192K), 8 survivors (8192K)
 Metaspace       used 140355K, capacity 151230K, committed 151372K, reserved 1177600K
  class space    used 20042K, capacity 23327K, committed 23372K, reserved 1048576K
}

