# JRE version: OpenJDK Runtime Environment (8.0_212-b03) (build 1.8.0_212-8u212-b03-0ubuntu1.16.04.1-b03)
# Java VM: OpenJDK 64-Bit Server VM (25.212-b03 mixed mode linux-amd64 compressed oops)
Heap:
 garbage-first heap   total 280576K, used 214998K [0x00000000c0000000, 0x00000000c0100890, 0x0000000100000000)
  region size 1024K, 90 young (92160K), 2 survivors (2048K)
 Metaspace       used 151423K, capacity 166338K, committed 166552K, reserved 1191936K
  class space    used 20942K, capacity 24457K, committed 24472K, reserved 1048576K
GC Heap History (10 events):
Event: 118,997 GC heap before
{Heap before GC invocations=40 (full 0):
 garbage-first heap   total 275456K, used 230630K [0x00000000c0000000, 0x00000000c0100868, 0x0000000100000000)
  region size 1024K, 106 young (108544K), 5 survivors (5120K)
 Metaspace       used 148545K, capacity 163270K, committed 163480K, reserved 1189888K
  class space    used 20588K, capacity 23910K, committed 23960K, reserved 1048576K
Event: 119,018 GC heap after
Heap after GC invocations=41 (full 0):
 garbage-first heap   total 275456K, used 130278K [0x00000000c0000000, 0x00000000c0100868, 0x0000000100000000)
  region size 1024K, 7 young (7168K), 7 survivors (7168K)
 Metaspace       used 148545K, capacity 163270K, committed 163480K, reserved 1189888K
  class space    used 20588K, capacity 23910K, committed 23960K, reserved 1048576K
}
Event: 165,263 GC heap before
{Heap before GC invocations=42 (full 0):
 garbage-first heap   total 275456K, used 265437K [0x00000000c0000000, 0x00000000c0100868, 0x0000000100000000)
  region size 1024K, 105 young (107520K), 7 survivors (7168K)
 Metaspace       used 149240K, capacity 163922K, committed 164120K, reserved 1189888K
  class space    used 20708K, capacity 24045K, committed 24088K, reserved 1048576K
Event: 165,297 GC heap after
Heap after GC invocations=43 (full 0):
 garbage-first heap   total 280576K, used 127710K [0x00000000c0000000, 0x00000000c0100890, 0x0000000100000000)
  region size 1024K, 5 young (5120K), 5 survivors (5120K)
 Metaspace       used 149240K, capacity 163922K, committed 164120K, reserved 1189888K
  class space    used 20708K, capacity 24045K, committed 24088K, reserved 1048576K
}
Event: 166,398 GC heap before
{Heap before GC invocations=43 (full 0):
 garbage-first heap   total 280576K, used 135902K [0x00000000c0000000, 0x00000000c0100890, 0x0000000100000000)
  region size 1024K, 13 young (13312K), 5 survivors (5120K)
 Metaspace       used 149300K, capacity 163986K, committed 164120K, reserved 1189888K
  class space    used 20716K, capacity 24045K, committed 24088K, reserved 1048576K
Event: 166,428 GC heap after
Heap after GC invocations=44 (full 0):
 garbage-first heap   total 280576K, used 126435K [0x00000000c0000000, 0x00000000c0100890, 0x0000000100000000)
  region size 1024K, 2 young (2048K), 2 survivors (2048K)
 Metaspace       used 149300K, capacity 163986K, committed 164120K, reserved 1189888K
  class space    used 20716K, capacity 24045K, committed 24088K, reserved 1048576K
}
Event: 211,676 GC heap before
{Heap before GC invocations=44 (full 0):
 garbage-first heap   total 280576K, used 247267K [0x00000000c0000000, 0x00000000c0100890, 0x0000000100000000)
  region size 1024K, 120 young (122880K), 2 survivors (2048K)
 Metaspace       used 149495K, capacity 164376K, committed 164760K, reserved 1189888K
  class space    used 20730K, capacity 24110K, committed 24216K, reserved 1048576K
Event: 211,701 GC heap after
Heap after GC invocations=45 (full 0):
 garbage-first heap   total 280576K, used 126325K [0x00000000c0000000, 0x00000000c0100890, 0x0000000100000000)
  region size 1024K, 2 young (2048K), 2 survivors (2048K)
 Metaspace       used 149495K, capacity 164376K, committed 164760K, reserved 1189888K
  class space    used 20730K, capacity 24110K, committed 24216K, reserved 1048576K
}
Event: 239,204 GC heap before
{Heap before GC invocations=45 (full 0):
 garbage-first heap   total 280576K, used 247157K [0x00000000c0000000, 0x00000000c0100890, 0x0000000100000000)
  region size 1024K, 120 young (122880K), 2 survivors (2048K)
 Metaspace       used 149561K, capacity 164446K, committed 164760K, reserved 1189888K
  class space    used 20733K, capacity 24111K, committed 24216K, reserved 1048576K
Event: 239,223 GC heap after
Heap after GC invocations=46 (full 0):
 garbage-first heap   total 280576K, used 125910K [0x00000000c0000000, 0x00000000c0100890, 0x0000000100000000)
  region size 1024K, 2 young (2048K), 2 survivors (2048K)
 Metaspace       used 149561K, capacity 164446K, committed 164760K, reserved 1189888K
  class space    used 20733K, capacity 24111K, committed 24216K, reserved 1048576K
}

