# JRE version: OpenJDK Runtime Environment (8.0_212-b03) (build 1.8.0_212-8u212-b03-0ubuntu1.16.04.1-b03)
# Java VM: OpenJDK 64-Bit Server VM (25.212-b03 mixed mode linux-amd64 compressed oops)
Heap:
 garbage-first heap   total 262144K, used 206460K [0x00000000c0000000, 0x00000000c0100800, 0x0000000100000000)
  region size 1024K, 88 young (90112K), 6 survivors (6144K)
 Metaspace       used 124190K, capacity 134756K, committed 135016K, reserved 1163264K
  class space    used 17633K, capacity 20796K, committed 20864K, reserved 1048576K
GC Heap History (10 events):
Event: 317,741 GC heap before
{Heap before GC invocations=28 (full 0):
 garbage-first heap   total 262144K, used 218474K [0x00000000c0000000, 0x00000000c0100800, 0x0000000100000000)
  region size 1024K, 103 young (105472K), 1 survivors (1024K)
 Metaspace       used 118146K, capacity 128334K, committed 128488K, reserved 1157120K
  class space    used 17043K, capacity 20173K, committed 20224K, reserved 1048576K
Event: 317,779 GC heap after
Heap after GC invocations=29 (full 0):
 garbage-first heap   total 262144K, used 124923K [0x00000000c0000000, 0x00000000c0100800, 0x0000000100000000)
  region size 1024K, 11 young (11264K), 11 survivors (11264K)
 Metaspace       used 118146K, capacity 128334K, committed 128488K, reserved 1157120K
  class space    used 17043K, capacity 20173K, committed 20224K, reserved 1048576K
}
Event: 318,273 GC heap before
{Heap before GC invocations=29 (full 0):
 garbage-first heap   total 262144K, used 222203K [0x00000000c0000000, 0x00000000c0100800, 0x0000000100000000)
  region size 1024K, 106 young (108544K), 11 survivors (11264K)
 Metaspace       used 118520K, capacity 128750K, committed 129000K, reserved 1159168K
  class space    used 17064K, capacity 20205K, committed 20224K, reserved 1048576K
Event: 318,304 GC heap after
Heap after GC invocations=30 (full 0):
 garbage-first heap   total 262144K, used 122445K [0x00000000c0000000, 0x00000000c0100800, 0x0000000100000000)
  region size 1024K, 9 young (9216K), 9 survivors (9216K)
 Metaspace       used 118520K, capacity 128750K, committed 129000K, reserved 1159168K
  class space    used 17064K, capacity 20205K, committed 20224K, reserved 1048576K
}
Event: 319,102 GC heap before
{Heap before GC invocations=30 (full 0):
 garbage-first heap   total 262144K, used 224341K [0x00000000c0000000, 0x00000000c0100800, 0x0000000100000000)
  region size 1024K, 108 young (110592K), 9 survivors (9216K)
 Metaspace       used 118727K, capacity 128878K, committed 129000K, reserved 1159168K
  class space    used 17064K, capacity 20205K, committed 20224K, reserved 1048576K
Event: 319,130 GC heap after
Heap after GC invocations=31 (full 0):
 garbage-first heap   total 262144K, used 122445K [0x00000000c0000000, 0x00000000c0100800, 0x0000000100000000)
  region size 1024K, 9 young (9216K), 9 survivors (9216K)
 Metaspace       used 118727K, capacity 128878K, committed 129000K, reserved 1159168K
  class space    used 17064K, capacity 20205K, committed 20224K, reserved 1048576K
}
Event: 343,813 GC heap before
{Heap before GC invocations=31 (full 0):
 garbage-first heap   total 262144K, used 224845K [0x00000000c0000000, 0x00000000c0100800, 0x0000000100000000)
  region size 1024K, 109 young (111616K), 9 survivors (9216K)
 Metaspace       used 122496K, capacity 132798K, committed 133096K, reserved 1161216K
  class space    used 17485K, capacity 20643K, committed 20736K, reserved 1048576K
Event: 343,846 GC heap after
Heap after GC invocations=32 (full 0):
 garbage-first heap   total 262144K, used 126029K [0x00000000c0000000, 0x00000000c0100800, 0x0000000100000000)
  region size 1024K, 12 young (12288K), 12 survivors (12288K)
 Metaspace       used 122496K, capacity 132798K, committed 133096K, reserved 1161216K
  class space    used 17485K, capacity 20643K, committed 20736K, reserved 1048576K
}
Event: 392,028 GC heap before
{Heap before GC invocations=32 (full 0):
 garbage-first heap   total 262144K, used 222285K [0x00000000c0000000, 0x00000000c0100800, 0x0000000100000000)
  region size 1024K, 106 young (108544K), 12 survivors (12288K)
 Metaspace       used 123127K, capacity 133338K, committed 133608K, reserved 1163264K
  class space    used 17514K, capacity 20648K, committed 20736K, reserved 1048576K
Event: 392,061 GC heap after
Heap after GC invocations=33 (full 0):
 garbage-first heap   total 262144K, used 123516K [0x00000000c0000000, 0x00000000c0100800, 0x0000000100000000)
  region size 1024K, 6 young (6144K), 6 survivors (6144K)
 Metaspace       used 123127K, capacity 133338K, committed 133608K, reserved 1163264K
  class space    used 17514K, capacity 20648K, committed 20736K, reserved 1048576K
}

