# JRE version: OpenJDK Runtime Environment (8.0_212-b03) (build 1.8.0_212-8u212-b03-0ubuntu1.16.04.1-b03)
# Java VM: OpenJDK 64-Bit Server VM (25.212-b03 mixed mode linux-amd64 compressed oops)
Heap:
 garbage-first heap   total 630784K, used 515471K [0x00000000c0000000, 0x00000000c0101340, 0x0000000100000000)
  region size 1024K, 288 young (294912K), 15 survivors (15360K)
 Metaspace       used 174097K, capacity 194494K, committed 209768K, reserved 1230848K
  class space    used 22558K, capacity 26615K, committed 27520K, reserved 1048576K
GC Heap History (10 events):
Event: 7487,440 GC heap before
{Heap before GC invocations=166 (full 0):
 garbage-first heap   total 630784K, used 547556K [0x00000000c0000000, 0x00000000c0101340, 0x0000000100000000)
  region size 1024K, 314 young (321536K), 19 survivors (19456K)
 Metaspace       used 181764K, capacity 207354K, committed 207592K, reserved 1230848K
  class space    used 22666K, capacity 27118K, committed 27136K, reserved 1048576K
Event: 7487,492 GC heap after
Heap after GC invocations=167 (full 0):
 garbage-first heap   total 630784K, used 246956K [0x00000000c0000000, 0x00000000c0101340, 0x0000000100000000)
  region size 1024K, 20 young (20480K), 20 survivors (20480K)
 Metaspace       used 181764K, capacity 207354K, committed 207592K, reserved 1230848K
  class space    used 22666K, capacity 27118K, committed 27136K, reserved 1048576K
}
Event: 7525,567 GC heap before
{Heap before GC invocations=167 (full 0):
 garbage-first heap   total 630784K, used 545964K [0x00000000c0000000, 0x00000000c0101340, 0x0000000100000000)
  region size 1024K, 312 young (319488K), 20 survivors (20480K)
 Metaspace       used 182659K, capacity 208662K, committed 209000K, reserved 1230848K
  class space    used 22685K, capacity 27174K, committed 27264K, reserved 1048576K
Event: 7525,615 GC heap after
Heap after GC invocations=168 (full 0):
 garbage-first heap   total 630784K, used 245154K [0x00000000c0000000, 0x00000000c0101340, 0x0000000100000000)
  region size 1024K, 18 young (18432K), 18 survivors (18432K)
 Metaspace       used 182659K, capacity 208662K, committed 209000K, reserved 1230848K
  class space    used 22685K, capacity 27174K, committed 27264K, reserved 1048576K
}
Event: 7551,298 GC heap before
{Heap before GC invocations=168 (full 0):
 garbage-first heap   total 630784K, used 548258K [0x00000000c0000000, 0x00000000c0101340, 0x0000000100000000)
  region size 1024K, 314 young (321536K), 18 survivors (18432K)
 Metaspace       used 184305K, capacity 211200K, committed 211304K, reserved 1232896K
  class space    used 22714K, capacity 27260K, committed 27264K, reserved 1048576K
Event: 7551,350 GC heap after
Heap after GC invocations=169 (full 0):
 garbage-first heap   total 630784K, used 247112K [0x00000000c0000000, 0x00000000c0101340, 0x0000000100000000)
  region size 1024K, 20 young (20480K), 20 survivors (20480K)
 Metaspace       used 184305K, capacity 211200K, committed 211304K, reserved 1232896K
  class space    used 22714K, capacity 27260K, committed 27264K, reserved 1048576K
}
Event: 7661,380 GC heap before
{Heap before GC invocations=169 (full 0):
 garbage-first heap   total 630784K, used 546120K [0x00000000c0000000, 0x00000000c0101340, 0x0000000100000000)
  region size 1024K, 312 young (319488K), 20 survivors (20480K)
 Metaspace       used 184352K, capacity 211328K, committed 211560K, reserved 1232896K
  class space    used 22715K, capacity 27260K, committed 27264K, reserved 1048576K
Event: 7661,407 GC heap after
Heap after GC invocations=170 (full 0):
 garbage-first heap   total 630784K, used 242080K [0x00000000c0000000, 0x00000000c0101340, 0x0000000100000000)
  region size 1024K, 14 young (14336K), 14 survivors (14336K)
 Metaspace       used 184352K, capacity 211328K, committed 211560K, reserved 1232896K
  class space    used 22715K, capacity 27260K, committed 27264K, reserved 1048576K
}
Event: 8256,147 GC heap before
{Heap before GC invocations=170 (full 0):
 garbage-first heap   total 630784K, used 555416K [0x00000000c0000000, 0x00000000c0101340, 0x0000000100000000)
  region size 1024K, 281 young (287744K), 14 survivors (14336K)
 Metaspace       used 184399K, capacity 211328K, committed 211560K, reserved 1232896K
  class space    used 22716K, capacity 27260K, committed 27264K, reserved 1048576K
Event: 8256,182 GC heap after
Heap after GC invocations=171 (full 0):
 garbage-first heap   total 630784K, used 245791K [0x00000000c0000000, 0x00000000c0101340, 0x0000000100000000)
  region size 1024K, 15 young (15360K), 15 survivors (15360K)
 Metaspace       used 184399K, capacity 211328K, committed 211560K, reserved 1232896K
  class space    used 22716K, capacity 27260K, committed 27264K, reserved 1048576K
}

