# JRE version: OpenJDK Runtime Environment (8.0_212-b03) (build 1.8.0_212-8u212-b03-0ubuntu1.16.04.1-b03)
# Java VM: OpenJDK 64-Bit Server VM (25.212-b03 mixed mode linux-amd64 compressed oops)
Heap:
 garbage-first heap   total 269312K, used 214015K [0x00000000c0000000, 0x00000000c0100838, 0x0000000100000000)
  region size 1024K, 81 young (82944K), 4 survivors (4096K)
 Metaspace       used 141259K, capacity 152006K, committed 152524K, reserved 1177600K
  class space    used 20108K, capacity 23393K, committed 23500K, reserved 1048576K
GC Heap History (10 events):
Event: 48,513 GC heap before
{Heap before GC invocations=27 (full 0):
 garbage-first heap   total 262144K, used 171008K [0x00000000c0000000, 0x00000000c0100800, 0x0000000100000000)
  region size 1024K, 53 young (54272K), 2 survivors (2048K)
 Metaspace       used 133859K, capacity 144288K, committed 144972K, reserved 1171456K
  class space    used 19264K, capacity 22417K, committed 22604K, reserved 1048576K
Event: 48,544 GC heap after
Heap after GC invocations=28 (full 0):
 garbage-first heap   total 262144K, used 133632K [0x00000000c0000000, 0x00000000c0100800, 0x0000000100000000)
  region size 1024K, 13 young (13312K), 13 survivors (13312K)
 Metaspace       used 133859K, capacity 144288K, committed 144972K, reserved 1171456K
  class space    used 19264K, capacity 22417K, committed 22604K, reserved 1048576K
}
Event: 50,292 GC heap before
{Heap before GC invocations=29 (full 0):
 garbage-first heap   total 262144K, used 236859K [0x00000000c0000000, 0x00000000c0100800, 0x0000000100000000)
  region size 1024K, 99 young (101376K), 13 survivors (13312K)
 Metaspace       used 136167K, capacity 146612K, committed 147532K, reserved 1173504K
  class space    used 19495K, capacity 22640K, committed 22860K, reserved 1048576K
Event: 50,340 GC heap after
Heap after GC invocations=30 (full 0):
 garbage-first heap   total 269312K, used 144640K [0x00000000c0000000, 0x00000000c0100838, 0x0000000100000000)
  region size 1024K, 12 young (12288K), 12 survivors (12288K)
 Metaspace       used 136167K, capacity 146612K, committed 147532K, reserved 1173504K
  class space    used 19495K, capacity 22640K, committed 22860K, reserved 1048576K
}
Event: 50,376 GC heap before
{Heap before GC invocations=30 (full 0):
 garbage-first heap   total 269312K, used 145664K [0x00000000c0000000, 0x00000000c0100838, 0x0000000100000000)
  region size 1024K, 13 young (13312K), 12 survivors (12288K)
 Metaspace       used 136167K, capacity 146612K, committed 147532K, reserved 1173504K
  class space    used 19495K, capacity 22640K, committed 22860K, reserved 1048576K
Event: 50,411 GC heap after
Heap after GC invocations=31 (full 0):
 garbage-first heap   total 269312K, used 134656K [0x00000000c0000000, 0x00000000c0100838, 0x0000000100000000)
  region size 1024K, 2 young (2048K), 2 survivors (2048K)
 Metaspace       used 136167K, capacity 146612K, committed 147532K, reserved 1173504K
  class space    used 19495K, capacity 22640K, committed 22860K, reserved 1048576K
}
Event: 59,505 GC heap before
{Heap before GC invocations=31 (full 0):
 garbage-first heap   total 269312K, used 225792K [0x00000000c0000000, 0x00000000c0100838, 0x0000000100000000)
  region size 1024K, 91 young (93184K), 2 survivors (2048K)
 Metaspace       used 138423K, capacity 148822K, committed 149580K, reserved 1175552K
  class space    used 19780K, capacity 22972K, committed 23116K, reserved 1048576K
Event: 59,521 GC heap after
Heap after GC invocations=32 (full 0):
 garbage-first heap   total 269312K, used 138752K [0x00000000c0000000, 0x00000000c0100838, 0x0000000100000000)
  region size 1024K, 6 young (6144K), 6 survivors (6144K)
 Metaspace       used 138423K, capacity 148822K, committed 149580K, reserved 1175552K
  class space    used 19780K, capacity 22972K, committed 23116K, reserved 1048576K
}
Event: 84,783 GC heap before
{Heap before GC invocations=32 (full 0):
 garbage-first heap   total 269312K, used 227840K [0x00000000c0000000, 0x00000000c0100838, 0x0000000100000000)
  region size 1024K, 93 young (95232K), 6 survivors (6144K)
 Metaspace       used 138510K, capacity 148958K, committed 149580K, reserved 1175552K
  class space    used 19785K, capacity 22972K, committed 23116K, reserved 1048576K
Event: 84,797 GC heap after
Heap after GC invocations=33 (full 0):
 garbage-first heap   total 269312K, used 137216K [0x00000000c0000000, 0x00000000c0100838, 0x0000000100000000)
  region size 1024K, 4 young (4096K), 4 survivors (4096K)
 Metaspace       used 138510K, capacity 148958K, committed 149580K, reserved 1175552K
  class space    used 19785K, capacity 22972K, committed 23116K, reserved 1048576K
}

