# JRE version: OpenJDK Runtime Environment (8.0_212-b03) (build 1.8.0_212-8u212-b03-0ubuntu1.16.04.1-b03)
# Java VM: OpenJDK 64-Bit Server VM (25.212-b03 mixed mode linux-amd64 compressed oops)
Heap:
 garbage-first heap   total 262144K, used 177799K [0x00000000c0000000, 0x00000000c0100800, 0x0000000100000000)
  region size 1024K, 68 young (69632K), 10 survivors (10240K)
 Metaspace       used 132249K, capacity 143044K, committed 143196K, reserved 1169408K
  class space    used 19145K, capacity 22405K, committed 22424K, reserved 1048576K
GC Heap History (10 events):
Event: 20,990 GC heap before
{Heap before GC invocations=21 (full 0):
 garbage-first heap   total 262144K, used 212901K [0x00000000c0000000, 0x00000000c0100800, 0x0000000100000000)
  region size 1024K, 86 young (88064K), 4 survivors (4096K)
 Metaspace       used 112359K, capacity 122570K, committed 122972K, reserved 1153024K
  class space    used 16324K, capacity 19456K, committed 19608K, reserved 1048576K
Event: 21,020 GC heap after
Heap after GC invocations=22 (full 0):
 garbage-first heap   total 262144K, used 128134K [0x00000000c0000000, 0x00000000c0100800, 0x0000000100000000)
  region size 1024K, 11 young (11264K), 11 survivors (11264K)
 Metaspace       used 112359K, capacity 122570K, committed 122972K, reserved 1153024K
  class space    used 16324K, capacity 19456K, committed 19608K, reserved 1048576K
}
Event: 21,118 GC heap before
{Heap before GC invocations=22 (full 0):
 garbage-first heap   total 262144K, used 129158K [0x00000000c0000000, 0x00000000c0100800, 0x0000000100000000)
  region size 1024K, 12 young (12288K), 11 survivors (11264K)
 Metaspace       used 112407K, capacity 122570K, committed 122972K, reserved 1153024K
  class space    used 16326K, capacity 19456K, committed 19608K, reserved 1048576K
Event: 21,156 GC heap after
Heap after GC invocations=23 (full 0):
 garbage-first heap   total 262144K, used 109379K [0x00000000c0000000, 0x00000000c0100800, 0x0000000100000000)
  region size 1024K, 2 young (2048K), 2 survivors (2048K)
 Metaspace       used 112407K, capacity 122570K, committed 122972K, reserved 1153024K
  class space    used 16326K, capacity 19456K, committed 19608K, reserved 1048576K
}
Event: 23,216 GC heap before
{Heap before GC invocations=23 (full 0):
 garbage-first heap   total 262144K, used 219971K [0x00000000c0000000, 0x00000000c0100800, 0x0000000100000000)
  region size 1024K, 110 young (112640K), 2 survivors (2048K)
 Metaspace       used 121765K, capacity 132166K, committed 132572K, reserved 1161216K
  class space    used 17732K, capacity 20920K, committed 21016K, reserved 1048576K
Event: 23,246 GC heap after
Heap after GC invocations=24 (full 0):
 garbage-first heap   total 262144K, used 124038K [0x00000000c0000000, 0x00000000c0100800, 0x0000000100000000)
  region size 1024K, 14 young (14336K), 14 survivors (14336K)
 Metaspace       used 121765K, capacity 132166K, committed 132572K, reserved 1161216K
  class space    used 17732K, capacity 20920K, committed 21016K, reserved 1048576K
}
Event: 24,164 GC heap before
{Heap before GC invocations=24 (full 0):
 garbage-first heap   total 262144K, used 219270K [0x00000000c0000000, 0x00000000c0100800, 0x0000000100000000)
  region size 1024K, 107 young (109568K), 14 survivors (14336K)
 Metaspace       used 126913K, capacity 137300K, committed 137692K, reserved 1165312K
  class space    used 18577K, capacity 21731K, committed 21784K, reserved 1048576K
Event: 24,196 GC heap after
Heap after GC invocations=25 (full 0):
 garbage-first heap   total 262144K, used 122503K [0x00000000c0000000, 0x00000000c0100800, 0x0000000100000000)
  region size 1024K, 13 young (13312K), 13 survivors (13312K)
 Metaspace       used 126913K, capacity 137300K, committed 137692K, reserved 1165312K
  class space    used 18577K, capacity 21731K, committed 21784K, reserved 1048576K
}
Event: 30,848 GC heap before
{Heap before GC invocations=25 (full 0):
 garbage-first heap   total 262144K, used 219783K [0x00000000c0000000, 0x00000000c0100800, 0x0000000100000000)
  region size 1024K, 108 young (110592K), 13 survivors (13312K)
 Metaspace       used 129981K, capacity 140548K, committed 140892K, reserved 1167360K
  class space    used 18914K, capacity 22099K, committed 22168K, reserved 1048576K
Event: 30,892 GC heap after
Heap after GC invocations=26 (full 0):
 garbage-first heap   total 262144K, used 119431K [0x00000000c0000000, 0x00000000c0100800, 0x0000000100000000)
  region size 1024K, 10 young (10240K), 10 survivors (10240K)
 Metaspace       used 129981K, capacity 140548K, committed 140892K, reserved 1167360K
  class space    used 18914K, capacity 22099K, committed 22168K, reserved 1048576K
}

