# JRE version: OpenJDK Runtime Environment (8.0_212-b03) (build 1.8.0_212-8u212-b03-0ubuntu1.16.04.1-b03)
# Java VM: OpenJDK 64-Bit Server VM (25.212-b03 mixed mode linux-amd64 compressed oops)
Heap:
 garbage-first heap   total 312320K, used 198451K [0x00000000c0000000, 0x00000000c0100988, 0x0000000100000000)
  region size 1024K, 81 young (82944K), 2 survivors (2048K)
 Metaspace       used 145438K, capacity 156608K, committed 157244K, reserved 1183744K
  class space    used 20526K, capacity 23778K, committed 23884K, reserved 1048576K
GC Heap History (10 events):
Event: 6506,682 GC heap before
{Heap before GC invocations=119 (full 0):
 garbage-first heap   total 312320K, used 248088K [0x00000000c0000000, 0x00000000c0100988, 0x0000000100000000)
  region size 1024K, 89 young (91136K), 7 survivors (7168K)
 Metaspace       used 143619K, capacity 154482K, committed 155324K, reserved 1181696K
  class space    used 20335K, capacity 23544K, committed 23756K, reserved 1048576K
Event: 6506,699 GC heap after
Heap after GC invocations=120 (full 0):
 garbage-first heap   total 312320K, used 164380K [0x00000000c0000000, 0x00000000c0100988, 0x0000000100000000)
  region size 1024K, 7 young (7168K), 7 survivors (7168K)
 Metaspace       used 143619K, capacity 154482K, committed 155324K, reserved 1181696K
  class space    used 20335K, capacity 23544K, committed 23756K, reserved 1048576K
}
Event: 6510,602 GC heap before
{Heap before GC invocations=120 (full 0):
 garbage-first heap   total 312320K, used 172572K [0x00000000c0000000, 0x00000000c0100988, 0x0000000100000000)
  region size 1024K, 15 young (15360K), 7 survivors (7168K)
 Metaspace       used 143626K, capacity 154482K, committed 155324K, reserved 1181696K
  class space    used 20335K, capacity 23544K, committed 23756K, reserved 1048576K
Event: 6510,618 GC heap after
Heap after GC invocations=121 (full 0):
 garbage-first heap   total 312320K, used 133544K [0x00000000c0000000, 0x00000000c0100988, 0x0000000100000000)
  region size 1024K, 1 young (1024K), 1 survivors (1024K)
 Metaspace       used 143626K, capacity 154482K, committed 155324K, reserved 1181696K
  class space    used 20335K, capacity 23544K, committed 23756K, reserved 1048576K
}
Event: 6517,669 GC heap before
{Heap before GC invocations=121 (full 0):
 garbage-first heap   total 312320K, used 147880K [0x00000000c0000000, 0x00000000c0100988, 0x0000000100000000)
  region size 1024K, 15 young (15360K), 1 survivors (1024K)
 Metaspace       used 143638K, capacity 154546K, committed 155324K, reserved 1181696K
  class space    used 20335K, capacity 23544K, committed 23756K, reserved 1048576K
Event: 6517,694 GC heap after
Heap after GC invocations=122 (full 0):
 garbage-first heap   total 312320K, used 118610K [0x00000000c0000000, 0x00000000c0100988, 0x0000000100000000)
  region size 1024K, 2 young (2048K), 2 survivors (2048K)
 Metaspace       used 143638K, capacity 154546K, committed 155324K, reserved 1181696K
  class space    used 20335K, capacity 23544K, committed 23756K, reserved 1048576K
}
Event: 6552,752 GC heap before
{Heap before GC invocations=122 (full 0):
 garbage-first heap   total 312320K, used 272210K [0x00000000c0000000, 0x00000000c0100988, 0x0000000100000000)
  region size 1024K, 152 young (155648K), 2 survivors (2048K)
 Metaspace       used 144041K, capacity 154802K, committed 155580K, reserved 1181696K
  class space    used 20371K, capacity 23544K, committed 23756K, reserved 1048576K
Event: 6552,768 GC heap after
Heap after GC invocations=123 (full 0):
 garbage-first heap   total 312320K, used 117845K [0x00000000c0000000, 0x00000000c0100988, 0x0000000100000000)
  region size 1024K, 1 young (1024K), 1 survivors (1024K)
 Metaspace       used 144041K, capacity 154802K, committed 155580K, reserved 1181696K
  class space    used 20371K, capacity 23544K, committed 23756K, reserved 1048576K
}
Event: 7639,415 GC heap before
{Heap before GC invocations=123 (full 0):
 garbage-first heap   total 312320K, used 273493K [0x00000000c0000000, 0x00000000c0100988, 0x0000000100000000)
  region size 1024K, 153 young (156672K), 1 survivors (1024K)
 Metaspace       used 144318K, capacity 155128K, committed 155836K, reserved 1181696K
  class space    used 20390K, capacity 23546K, committed 23756K, reserved 1048576K
Event: 7639,429 GC heap after
Heap after GC invocations=124 (full 0):
 garbage-first heap   total 312320K, used 118579K [0x00000000c0000000, 0x00000000c0100988, 0x0000000100000000)
  region size 1024K, 2 young (2048K), 2 survivors (2048K)
 Metaspace       used 144318K, capacity 155128K, committed 155836K, reserved 1181696K
  class space    used 20390K, capacity 23546K, committed 23756K, reserved 1048576K
}

