# JRE version: OpenJDK Runtime Environment (8.0_212-b03) (build 1.8.0_212-8u212-b03-0ubuntu1.16.04.1-b03)
# Java VM: OpenJDK 64-Bit Server VM (25.212-b03 mixed mode linux-amd64 compressed oops)
Heap:
 garbage-first heap   total 296960K, used 184049K [0x00000000c0000000, 0x00000000c0100910, 0x0000000100000000)
  region size 1024K, 76 young (77824K), 2 survivors (2048K)
 Metaspace       used 118103K, capacity 128474K, committed 128916K, reserved 1157120K
  class space    used 17057K, capacity 20245K, committed 20400K, reserved 1048576K
GC Heap History (10 events):
Event: 45,779 GC heap before
{Heap before GC invocations=18 (full 0):
 garbage-first heap   total 296960K, used 142444K [0x00000000c0000000, 0x00000000c0100910, 0x0000000100000000)
  region size 1024K, 29 young (29696K), 17 survivors (17408K)
 Metaspace       used 109014K, capacity 119110K, committed 119316K, reserved 1148928K
  class space    used 16041K, capacity 19220K, committed 19248K, reserved 1048576K
Event: 45,890 GC heap after
Heap after GC invocations=19 (full 0):
 garbage-first heap   total 296960K, used 135788K [0x00000000c0000000, 0x00000000c0100910, 0x0000000100000000)
  region size 1024K, 3 young (3072K), 3 survivors (3072K)
 Metaspace       used 109014K, capacity 119110K, committed 119316K, reserved 1148928K
  class space    used 16041K, capacity 19220K, committed 19248K, reserved 1048576K
}
Event: 197,015 GC heap before
{Heap before GC invocations=19 (full 0):
 garbage-first heap   total 296960K, used 237164K [0x00000000c0000000, 0x00000000c0100910, 0x0000000100000000)
  region size 1024K, 102 young (104448K), 3 survivors (3072K)
 Metaspace       used 113895K, capacity 124146K, committed 124308K, reserved 1153024K
  class space    used 16574K, capacity 19817K, committed 19888K, reserved 1048576K
Event: 197,040 GC heap after
Heap after GC invocations=20 (full 0):
 garbage-first heap   total 296960K, used 140909K [0x00000000c0000000, 0x00000000c0100910, 0x0000000100000000)
  region size 1024K, 8 young (8192K), 8 survivors (8192K)
 Metaspace       used 113895K, capacity 124146K, committed 124308K, reserved 1153024K
  class space    used 16574K, capacity 19817K, committed 19888K, reserved 1048576K
}
Event: 226,499 GC heap before
{Heap before GC invocations=21 (full 0):
 garbage-first heap   total 296960K, used 235008K [0x00000000c0000000, 0x00000000c0100910, 0x0000000100000000)
  region size 1024K, 107 young (109568K), 8 survivors (8192K)
 Metaspace       used 116813K, capacity 126898K, committed 127508K, reserved 1157120K
  class space    used 16910K, capacity 20069K, committed 20272K, reserved 1048576K
Event: 226,527 GC heap after
Heap after GC invocations=22 (full 0):
 garbage-first heap   total 296960K, used 133120K [0x00000000c0000000, 0x00000000c0100910, 0x0000000100000000)
  region size 1024K, 8 young (8192K), 8 survivors (8192K)
 Metaspace       used 116813K, capacity 126898K, committed 127508K, reserved 1157120K
  class space    used 16910K, capacity 20069K, committed 20272K, reserved 1048576K
}
Event: 227,788 GC heap before
{Heap before GC invocations=22 (full 0):
 garbage-first heap   total 296960K, used 139264K [0x00000000c0000000, 0x00000000c0100910, 0x0000000100000000)
  region size 1024K, 14 young (14336K), 8 survivors (8192K)
 Metaspace       used 116817K, capacity 126898K, committed 127508K, reserved 1157120K
  class space    used 16910K, capacity 20069K, committed 20272K, reserved 1048576K
Event: 227,821 GC heap after
Heap after GC invocations=23 (full 0):
 garbage-first heap   total 296960K, used 108179K [0x00000000c0000000, 0x00000000c0100910, 0x0000000100000000)
  region size 1024K, 1 young (1024K), 1 survivors (1024K)
 Metaspace       used 116817K, capacity 126898K, committed 127508K, reserved 1157120K
  class space    used 16910K, capacity 20069K, committed 20272K, reserved 1048576K
}
Event: 230,738 GC heap before
{Heap before GC invocations=23 (full 0):
 garbage-first heap   total 296960K, used 121491K [0x00000000c0000000, 0x00000000c0100910, 0x0000000100000000)
  region size 1024K, 14 young (14336K), 1 survivors (1024K)
 Metaspace       used 116834K, capacity 126898K, committed 127508K, reserved 1157120K
  class space    used 16910K, capacity 20069K, committed 20272K, reserved 1048576K
Event: 230,754 GC heap after
Heap after GC invocations=24 (full 0):
 garbage-first heap   total 296960K, used 109297K [0x00000000c0000000, 0x00000000c0100910, 0x0000000100000000)
  region size 1024K, 2 young (2048K), 2 survivors (2048K)
 Metaspace       used 116834K, capacity 126898K, committed 127508K, reserved 1157120K
  class space    used 16910K, capacity 20069K, committed 20272K, reserved 1048576K
}

