# JRE version: OpenJDK Runtime Environment (8.0_212-b03) (build 1.8.0_212-8u212-b03-0ubuntu1.16.04.1-b03)
# Java VM: OpenJDK 64-Bit Server VM (25.212-b03 mixed mode linux-amd64 compressed oops)
Heap:
 garbage-first heap   total 270336K, used 171827K [0x00000000c0000000, 0x00000000c0100840, 0x0000000100000000)
  region size 1024K, 51 young (52224K), 2 survivors (2048K)
 Metaspace       used 147339K, capacity 159654K, committed 160332K, reserved 1185792K
  class space    used 20757K, capacity 23984K, committed 24140K, reserved 1048576K
GC Heap History (10 events):
Event: 55,435 GC heap before
{Heap before GC invocations=32 (full 0):
 garbage-first heap   total 270336K, used 146943K [0x00000000c0000000, 0x00000000c0100840, 0x0000000100000000)
  region size 1024K, 13 young (13312K), 3 survivors (3072K)
 Metaspace       used 142814K, capacity 154298K, committed 157900K, reserved 1183744K
  class space    used 20365K, capacity 23427K, committed 23756K, reserved 1048576K
Event: 55,494 GC heap after
Heap after GC invocations=33 (full 0):
 garbage-first heap   total 270336K, used 124422K [0x00000000c0000000, 0x00000000c0100840, 0x0000000100000000)
  region size 1024K, 2 young (2048K), 2 survivors (2048K)
 Metaspace       used 142814K, capacity 154298K, committed 157900K, reserved 1183744K
  class space    used 20365K, capacity 23427K, committed 23756K, reserved 1048576K
}
Event: 122,678 GC heap before
{Heap before GC invocations=33 (full 0):
 garbage-first heap   total 270336K, used 224774K [0x00000000c0000000, 0x00000000c0100840, 0x0000000100000000)
  region size 1024K, 100 young (102400K), 2 survivors (2048K)
 Metaspace       used 143076K, capacity 154570K, committed 157900K, reserved 1183744K
  class space    used 20386K, capacity 23429K, committed 23756K, reserved 1048576K
Event: 122,696 GC heap after
Heap after GC invocations=34 (full 0):
 garbage-first heap   total 270336K, used 124029K [0x00000000c0000000, 0x00000000c0100840, 0x0000000100000000)
  region size 1024K, 2 young (2048K), 2 survivors (2048K)
 Metaspace       used 143076K, capacity 154570K, committed 157900K, reserved 1183744K
  class space    used 20386K, capacity 23429K, committed 23756K, reserved 1048576K
}
Event: 144,464 GC heap before
{Heap before GC invocations=34 (full 0):
 garbage-first heap   total 270336K, used 227453K [0x00000000c0000000, 0x00000000c0100840, 0x0000000100000000)
  region size 1024K, 103 young (105472K), 2 survivors (2048K)
 Metaspace       used 143764K, capacity 155298K, committed 158028K, reserved 1183744K
  class space    used 20476K, capacity 23564K, committed 23884K, reserved 1048576K
Event: 144,483 GC heap after
Heap after GC invocations=35 (full 0):
 garbage-first heap   total 270336K, used 125331K [0x00000000c0000000, 0x00000000c0100840, 0x0000000100000000)
  region size 1024K, 3 young (3072K), 3 survivors (3072K)
 Metaspace       used 143764K, capacity 155298K, committed 158028K, reserved 1183744K
  class space    used 20476K, capacity 23564K, committed 23884K, reserved 1048576K
}
Event: 157,642 GC heap before
{Heap before GC invocations=36 (full 0):
 garbage-first heap   total 270336K, used 230803K [0x00000000c0000000, 0x00000000c0100840, 0x0000000100000000)
  region size 1024K, 106 young (108544K), 3 survivors (3072K)
 Metaspace       used 145189K, capacity 157094K, committed 158028K, reserved 1183744K
  class space    used 20511K, capacity 23651K, committed 23884K, reserved 1048576K
Event: 157,662 GC heap after
Heap after GC invocations=37 (full 0):
 garbage-first heap   total 270336K, used 128385K [0x00000000c0000000, 0x00000000c0100840, 0x0000000100000000)
  region size 1024K, 6 young (6144K), 6 survivors (6144K)
 Metaspace       used 145189K, capacity 157094K, committed 158028K, reserved 1183744K
  class space    used 20511K, capacity 23651K, committed 23884K, reserved 1048576K
}
Event: 159,096 GC heap before
{Heap before GC invocations=37 (full 0):
 garbage-first heap   total 270336K, used 135553K [0x00000000c0000000, 0x00000000c0100840, 0x0000000100000000)
  region size 1024K, 13 young (13312K), 6 survivors (6144K)
 Metaspace       used 145215K, capacity 157166K, committed 158028K, reserved 1183744K
  class space    used 20513K, capacity 23653K, committed 23884K, reserved 1048576K
Event: 159,133 GC heap after
Heap after GC invocations=38 (full 0):
 garbage-first heap   total 270336K, used 122675K [0x00000000c0000000, 0x00000000c0100840, 0x0000000100000000)
  region size 1024K, 2 young (2048K), 2 survivors (2048K)
 Metaspace       used 145215K, capacity 157166K, committed 158028K, reserved 1183744K
  class space    used 20513K, capacity 23653K, committed 23884K, reserved 1048576K
}

