# JRE version: OpenJDK Runtime Environment (8.0_212-b03) (build 1.8.0_212-8u212-b03-0ubuntu1.16.04.1-b03)
# Java VM: OpenJDK 64-Bit Server VM (25.212-b03 mixed mode linux-amd64 compressed oops)
Heap:
 garbage-first heap   total 262144K, used 121460K [0x00000000c0000000, 0x00000000c0100800, 0x0000000100000000)
  region size 1024K, 52 young (53248K), 20 survivors (20480K)
 Metaspace       used 92223K, capacity 101494K, committed 101712K, reserved 1136640K
  class space    used 11369K, capacity 14138K, committed 14208K, reserved 1048576K
GC Heap History (10 events):
Event: 6,858 GC heap before
{Heap before GC invocations=5 (full 0):
 garbage-first heap   total 262144K, used 83632K [0x00000000c0000000, 0x00000000c0100800, 0x0000000100000000)
  region size 1024K, 73 young (74752K), 10 survivors (10240K)
 Metaspace       used 32677K, capacity 35844K, committed 35920K, reserved 1081344K
  class space    used 3799K, capacity 4707K, committed 4736K, reserved 1048576K
Event: 6,887 GC heap after
Heap after GC invocations=6 (full 0):
 garbage-first heap   total 262144K, used 32376K [0x00000000c0000000, 0x00000000c0100800, 0x0000000100000000)
  region size 1024K, 12 young (12288K), 12 survivors (12288K)
 Metaspace       used 32677K, capacity 35844K, committed 35920K, reserved 1081344K
  class space    used 3799K, capacity 4707K, committed 4736K, reserved 1048576K
}
Event: 10,685 GC heap before
{Heap before GC invocations=7 (full 0):
 garbage-first heap   total 262144K, used 176760K [0x00000000c0000000, 0x00000000c0100800, 0x0000000100000000)
  region size 1024K, 153 young (156672K), 12 survivors (12288K)
 Metaspace       used 55190K, capacity 61476K, committed 61696K, reserved 1101824K
  class space    used 6601K, capacity 8656K, committed 8704K, reserved 1048576K
Event: 10,751 GC heap after
Heap after GC invocations=8 (full 0):
 garbage-first heap   total 262144K, used 65024K [0x00000000c0000000, 0x00000000c0100800, 0x0000000100000000)
  region size 1024K, 20 young (20480K), 20 survivors (20480K)
 Metaspace       used 55190K, capacity 61476K, committed 61696K, reserved 1101824K
  class space    used 6601K, capacity 8656K, committed 8704K, reserved 1048576K
}
Event: 12,777 GC heap before
{Heap before GC invocations=9 (full 0):
 garbage-first heap   total 262144K, used 114269K [0x00000000c0000000, 0x00000000c0100800, 0x0000000100000000)
  region size 1024K, 76 young (77824K), 20 survivors (20480K)
 Metaspace       used 67450K, capacity 75140K, committed 75344K, reserved 1114112K
  class space    used 8236K, capacity 10547K, committed 10624K, reserved 1048576K
Event: 12,838 GC heap after
Heap after GC invocations=10 (full 0):
 garbage-first heap   total 262144K, used 71680K [0x00000000c0000000, 0x00000000c0100800, 0x0000000100000000)
  region size 1024K, 10 young (10240K), 10 survivors (10240K)
 Metaspace       used 67450K, capacity 75140K, committed 75344K, reserved 1114112K
  class space    used 8236K, capacity 10547K, committed 10624K, reserved 1048576K
}
Event: 16,540 GC heap before
{Heap before GC invocations=11 (full 0):
 garbage-first heap   total 262144K, used 195584K [0x00000000c0000000, 0x00000000c0100800, 0x0000000100000000)
  region size 1024K, 148 young (151552K), 10 survivors (10240K)
 Metaspace       used 83015K, capacity 91982K, committed 92112K, reserved 1128448K
  class space    used 10254K, capacity 13012K, committed 13056K, reserved 1048576K
Event: 16,616 GC heap after
Heap after GC invocations=12 (full 0):
 garbage-first heap   total 262144K, used 74752K [0x00000000c0000000, 0x00000000c0100800, 0x0000000100000000)
  region size 1024K, 19 young (19456K), 19 survivors (19456K)
 Metaspace       used 83015K, capacity 91982K, committed 92112K, reserved 1128448K
  class space    used 10254K, capacity 13012K, committed 13056K, reserved 1048576K
}
Event: 19,965 GC heap before
{Heap before GC invocations=12 (full 0):
 garbage-first heap   total 262144K, used 215618K [0x00000000c0000000, 0x00000000c0100800, 0x0000000100000000)
  region size 1024K, 153 young (156672K), 19 survivors (19456K)
 Metaspace       used 88404K, capacity 97454K, committed 97616K, reserved 1132544K
  class space    used 10914K, capacity 13652K, committed 13696K, reserved 1048576K
Event: 20,023 GC heap after
Heap after GC invocations=13 (full 0):
 garbage-first heap   total 262144K, used 89716K [0x00000000c0000000, 0x00000000c0100800, 0x0000000100000000)
  region size 1024K, 20 young (20480K), 20 survivors (20480K)
 Metaspace       used 88404K, capacity 97454K, committed 97616K, reserved 1132544K
  class space    used 10914K, capacity 13652K, committed 13696K, reserved 1048576K
}

