# JRE version: OpenJDK Runtime Environment (8.0_212-b03) (build 1.8.0_212-8u212-b03-0ubuntu1.16.04.1-b03)
# Java VM: OpenJDK 64-Bit Server VM (25.212-b03 mixed mode linux-amd64 compressed oops)
Heap:
 garbage-first heap   total 580608K, used 223498K [0x00000000c0000000, 0x00000000c01011b8, 0x0000000100000000)
  region size 1024K, 17 young (17408K), 5 survivors (5120K)
 Metaspace       used 151762K, capacity 163664K, committed 164328K, reserved 1189888K
  class space    used 21372K, capacity 24699K, committed 24832K, reserved 1048576K
GC Heap History (10 events):
Event: 1865,247 GC heap before
{Heap before GC invocations=99 (full 0):
 garbage-first heap   total 545792K, used 470016K [0x00000000c0000000, 0x00000000c01010a8, 0x0000000100000000)
  region size 1024K, 278 young (284672K), 25 survivors (25600K)
 Metaspace       used 147387K, capacity 158692K, committed 161512K, reserved 1185792K
  class space    used 20899K, capacity 24079K, committed 24320K, reserved 1048576K
Event: 1865,282 GC heap after
Heap after GC invocations=100 (full 0):
 garbage-first heap   total 545792K, used 202919K [0x00000000c0000000, 0x00000000c01010a8, 0x0000000100000000)
  region size 1024K, 14 young (14336K), 14 survivors (14336K)
 Metaspace       used 147387K, capacity 158692K, committed 161512K, reserved 1185792K
  class space    used 20899K, capacity 24079K, committed 24320K, reserved 1048576K
}
Event: 1870,786 GC heap before
{Heap before GC invocations=100 (full 0):
 garbage-first heap   total 545792K, used 409767K [0x00000000c0000000, 0x00000000c01010a8, 0x0000000100000000)
  region size 1024K, 177 young (181248K), 14 survivors (14336K)
 Metaspace       used 148643K, capacity 159934K, committed 161640K, reserved 1185792K
  class space    used 21018K, capacity 24196K, committed 24448K, reserved 1048576K
Event: 1870,824 GC heap after
Heap after GC invocations=101 (full 0):
 garbage-first heap   total 545792K, used 193703K [0x00000000c0000000, 0x00000000c01010a8, 0x0000000100000000)
  region size 1024K, 13 young (13312K), 13 survivors (13312K)
 Metaspace       used 148643K, capacity 159934K, committed 161640K, reserved 1185792K
  class space    used 21018K, capacity 24196K, committed 24448K, reserved 1048576K
}
Event: 1876,933 GC heap before
{Heap before GC invocations=102 (full 0):
 garbage-first heap   total 545792K, used 535719K [0x00000000c0000000, 0x00000000c01010a8, 0x0000000100000000)
  region size 1024K, 283 young (289792K), 13 survivors (13312K)
 Metaspace       used 149328K, capacity 160918K, committed 161896K, reserved 1187840K
  class space    used 21073K, capacity 24263K, committed 24448K, reserved 1048576K
Event: 1877,016 GC heap after
Heap after GC invocations=103 (full 0):
 garbage-first heap   total 580608K, used 207014K [0x00000000c0000000, 0x00000000c01011b8, 0x0000000100000000)
  region size 1024K, 34 young (34816K), 34 survivors (34816K)
 Metaspace       used 149328K, capacity 160918K, committed 161896K, reserved 1187840K
  class space    used 21073K, capacity 24263K, committed 24448K, reserved 1048576K
}
Event: 1878,831 GC heap before
{Heap before GC invocations=103 (full 0):
 garbage-first heap   total 580608K, used 486566K [0x00000000c0000000, 0x00000000c01011b8, 0x0000000100000000)
  region size 1024K, 307 young (314368K), 34 survivors (34816K)
 Metaspace       used 149515K, capacity 161252K, committed 162152K, reserved 1187840K
  class space    used 21092K, capacity 24337K, committed 24448K, reserved 1048576K
Event: 1878,875 GC heap after
Heap after GC invocations=104 (full 0):
 garbage-first heap   total 580608K, used 212234K [0x00000000c0000000, 0x00000000c01011b8, 0x0000000100000000)
  region size 1024K, 5 young (5120K), 5 survivors (5120K)
 Metaspace       used 149515K, capacity 161252K, committed 162152K, reserved 1187840K
  class space    used 21092K, capacity 24337K, committed 24448K, reserved 1048576K
}
Event: 2992,776 GC heap before
{Heap before GC invocations=104 (full 0):
 garbage-first heap   total 580608K, used 504074K [0x00000000c0000000, 0x00000000c01011b8, 0x0000000100000000)
  region size 1024K, 290 young (296960K), 5 survivors (5120K)
 Metaspace       used 151320K, capacity 163158K, committed 163944K, reserved 1187840K
  class space    used 21331K, capacity 24597K, committed 24704K, reserved 1048576K
Event: 2992,820 GC heap after
Heap after GC invocations=105 (full 0):
 garbage-first heap   total 580608K, used 212234K [0x00000000c0000000, 0x00000000c01011b8, 0x0000000100000000)
  region size 1024K, 5 young (5120K), 5 survivors (5120K)
 Metaspace       used 151320K, capacity 163158K, committed 163944K, reserved 1187840K
  class space    used 21331K, capacity 24597K, committed 24704K, reserved 1048576K
}

