# JRE version: OpenJDK Runtime Environment (8.0_212-b03) (build 1.8.0_212-8u212-b03-0ubuntu1.16.04.1-b03)
# Java VM: OpenJDK 64-Bit Server VM (25.212-b03 mixed mode linux-amd64 compressed oops)
Heap:
 garbage-first heap   total 320512K, used 203263K [0x00000000c0000000, 0x00000000c01009c8, 0x0000000100000000)
  region size 1024K, 85 young (87040K), 7 survivors (7168K)
 Metaspace       used 144773K, capacity 155778K, committed 156184K, reserved 1181696K
  class space    used 20348K, capacity 23509K, committed 23628K, reserved 1048576K
GC Heap History (10 events):
Event: 7052,779 GC heap before
{Heap before GC invocations=164 (full 0):
 garbage-first heap   total 312320K, used 250477K [0x00000000c0000000, 0x00000000c0100988, 0x0000000100000000)
  region size 1024K, 116 young (118784K), 2 survivors (2048K)
 Metaspace       used 142744K, capacity 153784K, committed 154136K, reserved 1179648K
  class space    used 20106K, capacity 23303K, committed 23372K, reserved 1048576K
Event: 7052,808 GC heap after
Heap after GC invocations=165 (full 0):
 garbage-first heap   total 312320K, used 129222K [0x00000000c0000000, 0x00000000c0100988, 0x0000000100000000)
  region size 1024K, 6 young (6144K), 6 survivors (6144K)
 Metaspace       used 142744K, capacity 153784K, committed 154136K, reserved 1179648K
  class space    used 20106K, capacity 23303K, committed 23372K, reserved 1048576K
}
Event: 7060,288 GC heap before
{Heap before GC invocations=166 (full 0):
 garbage-first heap   total 312320K, used 298355K [0x00000000c0000000, 0x00000000c0100988, 0x0000000100000000)
  region size 1024K, 131 young (134144K), 6 survivors (6144K)
 Metaspace       used 142565K, capacity 153454K, committed 154136K, reserved 1179648K
  class space    used 20076K, capacity 23196K, committed 23372K, reserved 1048576K
Event: 7060,314 GC heap after
Heap after GC invocations=167 (full 0):
 garbage-first heap   total 320512K, used 122879K [0x00000000c0000000, 0x00000000c01009c8, 0x0000000100000000)
  region size 1024K, 8 young (8192K), 8 survivors (8192K)
 Metaspace       used 142565K, capacity 153454K, committed 154136K, reserved 1179648K
  class space    used 20076K, capacity 23196K, committed 23372K, reserved 1048576K
}
Event: 7071,669 GC heap before
{Heap before GC invocations=167 (full 0):
 garbage-first heap   total 320512K, used 130047K [0x00000000c0000000, 0x00000000c01009c8, 0x0000000100000000)
  region size 1024K, 15 young (15360K), 8 survivors (8192K)
 Metaspace       used 142565K, capacity 153454K, committed 154136K, reserved 1179648K
  class space    used 20076K, capacity 23196K, committed 23372K, reserved 1048576K
Event: 7071,687 GC heap after
Heap after GC invocations=168 (full 0):
 garbage-first heap   total 320512K, used 118783K [0x00000000c0000000, 0x00000000c01009c8, 0x0000000100000000)
  region size 1024K, 2 young (2048K), 2 survivors (2048K)
 Metaspace       used 142565K, capacity 153454K, committed 154136K, reserved 1179648K
  class space    used 20076K, capacity 23196K, committed 23372K, reserved 1048576K
}
Event: 7122,096 GC heap before
{Heap before GC invocations=168 (full 0):
 garbage-first heap   total 320512K, used 281599K [0x00000000c0000000, 0x00000000c01009c8, 0x0000000100000000)
  region size 1024K, 161 young (164864K), 2 survivors (2048K)
 Metaspace       used 143659K, capacity 154438K, committed 155032K, reserved 1181696K
  class space    used 20222K, capacity 23328K, committed 23500K, reserved 1048576K
Event: 7122,120 GC heap after
Heap after GC invocations=169 (full 0):
 garbage-first heap   total 320512K, used 122096K [0x00000000c0000000, 0x00000000c01009c8, 0x0000000100000000)
  region size 1024K, 5 young (5120K), 5 survivors (5120K)
 Metaspace       used 143659K, capacity 154438K, committed 155032K, reserved 1181696K
  class space    used 20222K, capacity 23328K, committed 23500K, reserved 1048576K
}
Event: 11110,226 GC heap before
{Heap before GC invocations=169 (full 0):
 garbage-first heap   total 320512K, used 281840K [0x00000000c0000000, 0x00000000c01009c8, 0x0000000100000000)
  region size 1024K, 161 young (164864K), 5 survivors (5120K)
 Metaspace       used 143744K, capacity 154508K, committed 155032K, reserved 1181696K
  class space    used 20223K, capacity 23329K, committed 23500K, reserved 1048576K
Event: 11110,248 GC heap after
Heap after GC invocations=170 (full 0):
 garbage-first heap   total 320512K, used 124415K [0x00000000c0000000, 0x00000000c01009c8, 0x0000000100000000)
  region size 1024K, 7 young (7168K), 7 survivors (7168K)
 Metaspace       used 143744K, capacity 154508K, committed 155032K, reserved 1181696K
  class space    used 20223K, capacity 23329K, committed 23500K, reserved 1048576K
}

