# JRE version: OpenJDK Runtime Environment (8.0_151-b12) (build 1.8.0_151-8u151-b12-0ubuntu0.16.04.2-b12)
# Java VM: OpenJDK 64-Bit Server VM (25.151-b12 mixed mode linux-amd64 compressed oops)
Heap:
 garbage-first heap   total 450560K, used 357844K [0x00000000c0000000, 0x00000000c0100dc0, 0x0000000100000000)
  region size 1024K, 210 young (215040K), 5 survivors (5120K)
 Metaspace       used 155845K, capacity 168058K, committed 168396K, reserved 1191936K
  class space    used 21449K, capacity 25170K, committed 25292K, reserved 1048576K
GC Heap History (10 events):
Event: 7368,858 GC heap before
{Heap before GC invocations=173 (full 0):
 garbage-first heap   total 450560K, used 399819K [0x00000000c0000000, 0x00000000c0100dc0, 0x0000000100000000)
  region size 1024K, 252 young (258048K), 5 survivors (5120K)
 Metaspace       used 154657K, capacity 166432K, committed 166604K, reserved 1191936K
  class space    used 21320K, capacity 24960K, committed 25036K, reserved 1048576K
Event: 7368,911 GC heap after
Heap after GC invocations=174 (full 0):
 garbage-first heap   total 450560K, used 147401K [0x00000000c0000000, 0x00000000c0100dc0, 0x0000000100000000)
  region size 1024K, 5 young (5120K), 5 survivors (5120K)
 Metaspace       used 154657K, capacity 166432K, committed 166604K, reserved 1191936K
  class space    used 21320K, capacity 24960K, committed 25036K, reserved 1048576K
}
Event: 7435,880 GC heap before
{Heap before GC invocations=174 (full 0):
 garbage-first heap   total 450560K, used 399305K [0x00000000c0000000, 0x00000000c0100dc0, 0x0000000100000000)
  region size 1024K, 251 young (257024K), 5 survivors (5120K)
 Metaspace       used 154684K, capacity 166496K, committed 166604K, reserved 1191936K
  class space    used 21320K, capacity 24960K, committed 25036K, reserved 1048576K
Event: 7435,919 GC heap after
Heap after GC invocations=175 (full 0):
 garbage-first heap   total 450560K, used 147807K [0x00000000c0000000, 0x00000000c0100dc0, 0x0000000100000000)
  region size 1024K, 5 young (5120K), 5 survivors (5120K)
 Metaspace       used 154684K, capacity 166496K, committed 166604K, reserved 1191936K
  class space    used 21320K, capacity 24960K, committed 25036K, reserved 1048576K
}
Event: 7494,014 GC heap before
{Heap before GC invocations=175 (full 0):
 garbage-first heap   total 450560K, used 399711K [0x00000000c0000000, 0x00000000c0100dc0, 0x0000000100000000)
  region size 1024K, 251 young (257024K), 5 survivors (5120K)
 Metaspace       used 154700K, capacity 166496K, committed 166604K, reserved 1191936K
  class space    used 21320K, capacity 24960K, committed 25036K, reserved 1048576K
Event: 7494,051 GC heap after
Heap after GC invocations=176 (full 0):
 garbage-first heap   total 450560K, used 148238K [0x00000000c0000000, 0x00000000c0100dc0, 0x0000000100000000)
  region size 1024K, 5 young (5120K), 5 survivors (5120K)
 Metaspace       used 154700K, capacity 166496K, committed 166604K, reserved 1191936K
  class space    used 21320K, capacity 24960K, committed 25036K, reserved 1048576K
}
Event: 7544,256 GC heap before
{Heap before GC invocations=176 (full 0):
 garbage-first heap   total 450560K, used 399118K [0x00000000c0000000, 0x00000000c0100dc0, 0x0000000100000000)
  region size 1024K, 250 young (256000K), 5 survivors (5120K)
 Metaspace       used 154761K, capacity 166502K, committed 166604K, reserved 1191936K
  class space    used 21321K, capacity 24961K, committed 25036K, reserved 1048576K
Event: 7544,370 GC heap after
Heap after GC invocations=177 (full 0):
 garbage-first heap   total 450560K, used 148898K [0x00000000c0000000, 0x00000000c0100dc0, 0x0000000100000000)
  region size 1024K, 5 young (5120K), 5 survivors (5120K)
 Metaspace       used 154761K, capacity 166502K, committed 166604K, reserved 1191936K
  class space    used 21321K, capacity 24961K, committed 25036K, reserved 1048576K
}
Event: 7591,326 GC heap before
{Heap before GC invocations=177 (full 0):
 garbage-first heap   total 450560K, used 399778K [0x00000000c0000000, 0x00000000c0100dc0, 0x0000000100000000)
  region size 1024K, 250 young (256000K), 5 survivors (5120K)
 Metaspace       used 154837K, capacity 166646K, committed 166860K, reserved 1191936K
  class space    used 21322K, capacity 24963K, committed 25036K, reserved 1048576K
Event: 7591,368 GC heap after
Heap after GC invocations=178 (full 0):
 garbage-first heap   total 450560K, used 148948K [0x00000000c0000000, 0x00000000c0100dc0, 0x0000000100000000)
  region size 1024K, 5 young (5120K), 5 survivors (5120K)
 Metaspace       used 154837K, capacity 166646K, committed 166860K, reserved 1191936K
  class space    used 21322K, capacity 24963K, committed 25036K, reserved 1048576K
}

