# JRE version: OpenJDK Runtime Environment (8.0_212-b03) (build 1.8.0_212-8u212-b03-0ubuntu1.16.04.1-b03)
# Java VM: OpenJDK 64-Bit Server VM (25.212-b03 mixed mode linux-amd64 compressed oops)
Heap:
 garbage-first heap   total 575488K, used 438271K [0x00000000c0000000, 0x00000000c0101190, 0x0000000100000000)
  region size 1024K, 223 young (228352K), 7 survivors (7168K)
 Metaspace       used 158380K, capacity 171372K, committed 174488K, reserved 1198080K
  class space    used 21648K, capacity 25082K, committed 25240K, reserved 1048576K
GC Heap History (10 events):
Event: 1665,800 GC heap before
{Heap before GC invocations=154 (full 0):
 garbage-first heap   total 575488K, used 510975K [0x00000000c0000000, 0x00000000c0101190, 0x0000000100000000)
  region size 1024K, 293 young (300032K), 6 survivors (6144K)
 Metaspace       used 157140K, capacity 169924K, committed 174232K, reserved 1198080K
  class space    used 21514K, capacity 24816K, committed 24984K, reserved 1048576K
Event: 1665,825 GC heap after
Heap after GC invocations=155 (full 0):
 garbage-first heap   total 575488K, used 218111K [0x00000000c0000000, 0x00000000c0101190, 0x0000000100000000)
  region size 1024K, 7 young (7168K), 7 survivors (7168K)
 Metaspace       used 157140K, capacity 169924K, committed 174232K, reserved 1198080K
  class space    used 21514K, capacity 24816K, committed 24984K, reserved 1048576K
}
Event: 1710,949 GC heap before
{Heap before GC invocations=155 (full 0):
 garbage-first heap   total 575488K, used 509951K [0x00000000c0000000, 0x00000000c0101190, 0x0000000100000000)
  region size 1024K, 292 young (299008K), 7 survivors (7168K)
 Metaspace       used 157191K, capacity 169988K, committed 174232K, reserved 1198080K
  class space    used 21514K, capacity 24816K, committed 24984K, reserved 1048576K
Event: 1710,977 GC heap after
Heap after GC invocations=156 (full 0):
 garbage-first heap   total 575488K, used 217599K [0x00000000c0000000, 0x00000000c0101190, 0x0000000100000000)
  region size 1024K, 7 young (7168K), 7 survivors (7168K)
 Metaspace       used 157191K, capacity 169988K, committed 174232K, reserved 1198080K
  class space    used 21514K, capacity 24816K, committed 24984K, reserved 1048576K
}
Event: 1797,611 GC heap before
{Heap before GC invocations=156 (full 0):
 garbage-first heap   total 575488K, used 509439K [0x00000000c0000000, 0x00000000c0101190, 0x0000000100000000)
  region size 1024K, 292 young (299008K), 7 survivors (7168K)
 Metaspace       used 157231K, capacity 170052K, committed 174232K, reserved 1198080K
  class space    used 21514K, capacity 24816K, committed 24984K, reserved 1048576K
Event: 1797,640 GC heap after
Heap after GC invocations=157 (full 0):
 garbage-first heap   total 575488K, used 217599K [0x00000000c0000000, 0x00000000c0101190, 0x0000000100000000)
  region size 1024K, 7 young (7168K), 7 survivors (7168K)
 Metaspace       used 157231K, capacity 170052K, committed 174232K, reserved 1198080K
  class space    used 21514K, capacity 24816K, committed 24984K, reserved 1048576K
}
Event: 1850,085 GC heap before
{Heap before GC invocations=157 (full 0):
 garbage-first heap   total 575488K, used 509439K [0x00000000c0000000, 0x00000000c0101190, 0x0000000100000000)
  region size 1024K, 292 young (299008K), 7 survivors (7168K)
 Metaspace       used 157266K, capacity 170052K, committed 174232K, reserved 1198080K
  class space    used 21514K, capacity 24816K, committed 24984K, reserved 1048576K
Event: 1850,110 GC heap after
Heap after GC invocations=158 (full 0):
 garbage-first heap   total 575488K, used 218111K [0x00000000c0000000, 0x00000000c0101190, 0x0000000100000000)
  region size 1024K, 7 young (7168K), 7 survivors (7168K)
 Metaspace       used 157266K, capacity 170052K, committed 174232K, reserved 1198080K
  class space    used 21514K, capacity 24816K, committed 24984K, reserved 1048576K
}
Event: 2246,351 GC heap before
{Heap before GC invocations=158 (full 0):
 garbage-first heap   total 575488K, used 509951K [0x00000000c0000000, 0x00000000c0101190, 0x0000000100000000)
  region size 1024K, 292 young (299008K), 7 survivors (7168K)
 Metaspace       used 157343K, capacity 170106K, committed 174232K, reserved 1198080K
  class space    used 21519K, capacity 24825K, committed 24984K, reserved 1048576K
Event: 2246,377 GC heap after
Heap after GC invocations=159 (full 0):
 garbage-first heap   total 575488K, used 218111K [0x00000000c0000000, 0x00000000c0101190, 0x0000000100000000)
  region size 1024K, 7 young (7168K), 7 survivors (7168K)
 Metaspace       used 157343K, capacity 170106K, committed 174232K, reserved 1198080K
  class space    used 21519K, capacity 24825K, committed 24984K, reserved 1048576K
}

