# JRE version: OpenJDK Runtime Environment (8.0_151-b12) (build 1.8.0_151-8u151-b12-0ubuntu0.16.04.2-b12)
# Java VM: OpenJDK 64-Bit Server VM (25.151-b12 mixed mode linux-amd64 compressed oops)
Heap:
 garbage-first heap   total 269312K, used 230567K [0x00000000c0000000, 0x00000000c0100838, 0x0000000100000000)
  region size 1024K, 78 young (79872K), 2 survivors (2048K)
 Metaspace       used 119123K, capacity 129526K, committed 129996K, reserved 1159168K
  class space    used 17078K, capacity 20142K, committed 20172K, reserved 1048576K
GC Heap History (10 events):
Event: 18,007 GC heap before
{Heap before GC invocations=19 (full 0):
 garbage-first heap   total 262144K, used 212642K [0x00000000c0000000, 0x00000000c0100800, 0x0000000100000000)
  region size 1024K, 116 young (118784K), 8 survivors (8192K)
 Metaspace       used 106380K, capacity 116208K, committed 116684K, reserved 1146880K
  class space    used 15684K, capacity 18798K, committed 18892K, reserved 1048576K
Event: 18,036 GC heap after
Heap after GC invocations=20 (full 0):
 garbage-first heap   total 262144K, used 98289K [0x00000000c0000000, 0x00000000c0100800, 0x0000000100000000)
  region size 1024K, 13 young (13312K), 13 survivors (13312K)
 Metaspace       used 106380K, capacity 116208K, committed 116684K, reserved 1146880K
  class space    used 15684K, capacity 18798K, committed 18892K, reserved 1048576K
}
Event: 18,063 GC heap before
{Heap before GC invocations=20 (full 0):
 garbage-first heap   total 262144K, used 99313K [0x00000000c0000000, 0x00000000c0100800, 0x0000000100000000)
  region size 1024K, 14 young (14336K), 13 survivors (13312K)
 Metaspace       used 106471K, capacity 116272K, committed 116684K, reserved 1146880K
  class space    used 15696K, capacity 18798K, committed 18892K, reserved 1048576K
Event: 18,085 GC heap after
Heap after GC invocations=21 (full 0):
 garbage-first heap   total 262144K, used 87496K [0x00000000c0000000, 0x00000000c0100800, 0x0000000100000000)
  region size 1024K, 2 young (2048K), 2 survivors (2048K)
 Metaspace       used 106471K, capacity 116272K, committed 116684K, reserved 1146880K
  class space    used 15696K, capacity 18798K, committed 18892K, reserved 1048576K
}
Event: 41,457 GC heap before
{Heap before GC invocations=21 (full 0):
 garbage-first heap   total 262144K, used 224712K [0x00000000c0000000, 0x00000000c0100800, 0x0000000100000000)
  region size 1024K, 136 young (139264K), 2 survivors (2048K)
 Metaspace       used 116989K, capacity 127096K, committed 127820K, reserved 1157120K
  class space    used 16861K, capacity 19878K, committed 20044K, reserved 1048576K
Event: 41,496 GC heap after
Heap after GC invocations=22 (full 0):
 garbage-first heap   total 262144K, used 106627K [0x00000000c0000000, 0x00000000c0100800, 0x0000000100000000)
  region size 1024K, 17 young (17408K), 17 survivors (17408K)
 Metaspace       used 116989K, capacity 127096K, committed 127820K, reserved 1157120K
  class space    used 16861K, capacity 19878K, committed 20044K, reserved 1048576K
}
Event: 44,615 GC heap before
{Heap before GC invocations=22 (full 0):
 garbage-first heap   total 262144K, used 217219K [0x00000000c0000000, 0x00000000c0100800, 0x0000000100000000)
  region size 1024K, 124 young (126976K), 17 survivors (17408K)
 Metaspace       used 117336K, capacity 127494K, committed 128076K, reserved 1157120K
  class space    used 16884K, capacity 19968K, committed 20044K, reserved 1048576K
Event: 44,697 GC heap after
Heap after GC invocations=23 (full 0):
 garbage-first heap   total 269312K, used 139395K [0x00000000c0000000, 0x00000000c0100838, 0x0000000100000000)
  region size 1024K, 16 young (16384K), 16 survivors (16384K)
 Metaspace       used 117336K, capacity 127494K, committed 128076K, reserved 1157120K
  class space    used 16884K, capacity 19968K, committed 20044K, reserved 1048576K
}
Event: 44,843 GC heap before
{Heap before GC invocations=23 (full 0):
 garbage-first heap   total 269312K, used 142467K [0x00000000c0000000, 0x00000000c0100838, 0x0000000100000000)
  region size 1024K, 19 young (19456K), 16 survivors (16384K)
 Metaspace       used 117336K, capacity 127494K, committed 128076K, reserved 1157120K
  class space    used 16884K, capacity 19968K, committed 20044K, reserved 1048576K
Event: 44,914 GC heap after
Heap after GC invocations=24 (full 0):
 garbage-first heap   total 269312K, used 141955K [0x00000000c0000000, 0x00000000c0100838, 0x0000000100000000)
  region size 1024K, 2 young (2048K), 2 survivors (2048K)
 Metaspace       used 117336K, capacity 127494K, committed 128076K, reserved 1157120K
  class space    used 16884K, capacity 19968K, committed 20044K, reserved 1048576K
}

