# JRE version: OpenJDK Runtime Environment (8.0_151-b12) (build 1.8.0_151-8u151-b12-0ubuntu0.16.04.2-b12)
# Java VM: OpenJDK 64-Bit Server VM (25.151-b12 mixed mode linux-amd64 compressed oops)
Heap:
 garbage-first heap   total 432128K, used 372636K [0x00000000c0000000, 0x00000000c0100d30, 0x0000000100000000)
  region size 1024K, 181 young (185344K), 4 survivors (4096K)
 Metaspace       used 140468K, capacity 151764K, committed 151932K, reserved 1177600K
  class space    used 20047K, capacity 23413K, committed 23420K, reserved 1048576K
GC Heap History (10 events):
Event: 1422,028 GC heap before
{Heap before GC invocations=91 (full 0):
 garbage-first heap   total 432128K, used 382976K [0x00000000c0000000, 0x00000000c0100d30, 0x0000000100000000)
  region size 1024K, 188 young (192512K), 4 survivors (4096K)
 Metaspace       used 136182K, capacity 147020K, committed 147580K, reserved 1173504K
  class space    used 19568K, capacity 22808K, committed 22908K, reserved 1048576K
Event: 1422,054 GC heap after
Heap after GC invocations=92 (full 0):
 garbage-first heap   total 432128K, used 197631K [0x00000000c0000000, 0x00000000c0100d30, 0x0000000100000000)
  region size 1024K, 15 young (15360K), 15 survivors (15360K)
 Metaspace       used 136182K, capacity 147020K, committed 147580K, reserved 1173504K
  class space    used 19568K, capacity 22808K, committed 22908K, reserved 1048576K
}
Event: 1422,104 GC heap before
{Heap before GC invocations=92 (full 0):
 garbage-first heap   total 432128K, used 203775K [0x00000000c0000000, 0x00000000c0100d30, 0x0000000100000000)
  region size 1024K, 21 young (21504K), 15 survivors (15360K)
 Metaspace       used 136183K, capacity 147020K, committed 147580K, reserved 1173504K
  class space    used 19568K, capacity 22808K, committed 22908K, reserved 1048576K
Event: 1422,136 GC heap after
Heap after GC invocations=93 (full 0):
 garbage-first heap   total 432128K, used 190364K [0x00000000c0000000, 0x00000000c0100d30, 0x0000000100000000)
  region size 1024K, 2 young (2048K), 2 survivors (2048K)
 Metaspace       used 136183K, capacity 147020K, committed 147580K, reserved 1173504K
  class space    used 19568K, capacity 22808K, committed 22908K, reserved 1048576K
}
Event: 1423,279 GC heap before
{Heap before GC invocations=93 (full 0):
 garbage-first heap   total 432128K, used 371612K [0x00000000c0000000, 0x00000000c0100d30, 0x0000000100000000)
  region size 1024K, 179 young (183296K), 2 survivors (2048K)
 Metaspace       used 137026K, capacity 148104K, committed 148860K, reserved 1175552K
  class space    used 19694K, capacity 23024K, committed 23164K, reserved 1048576K
Event: 1423,328 GC heap after
Heap after GC invocations=94 (full 0):
 garbage-first heap   total 432128K, used 194460K [0x00000000c0000000, 0x00000000c0100d30, 0x0000000100000000)
  region size 1024K, 6 young (6144K), 6 survivors (6144K)
 Metaspace       used 137026K, capacity 148104K, committed 148860K, reserved 1175552K
  class space    used 19694K, capacity 23024K, committed 23164K, reserved 1048576K
}
Event: 2420,638 GC heap before
{Heap before GC invocations=94 (full 0):
 garbage-first heap   total 432128K, used 373660K [0x00000000c0000000, 0x00000000c0100d30, 0x0000000100000000)
  region size 1024K, 181 young (185344K), 6 survivors (6144K)
 Metaspace       used 138040K, capacity 149132K, committed 149628K, reserved 1175552K
  class space    used 19806K, capacity 23124K, committed 23164K, reserved 1048576K
Event: 2420,657 GC heap after
Heap after GC invocations=95 (full 0):
 garbage-first heap   total 432128K, used 191900K [0x00000000c0000000, 0x00000000c0100d30, 0x0000000100000000)
  region size 1024K, 4 young (4096K), 4 survivors (4096K)
 Metaspace       used 138040K, capacity 149132K, committed 149628K, reserved 1175552K
  class space    used 19806K, capacity 23124K, committed 23164K, reserved 1048576K
}
Event: 3283,953 GC heap before
{Heap before GC invocations=95 (full 0):
 garbage-first heap   total 432128K, used 375196K [0x00000000c0000000, 0x00000000c0100d30, 0x0000000100000000)
  region size 1024K, 183 young (187392K), 4 survivors (4096K)
 Metaspace       used 139176K, capacity 150096K, committed 150524K, reserved 1177600K
  class space    used 19894K, capacity 23230K, committed 23292K, reserved 1048576K
Event: 3283,979 GC heap after
Heap after GC invocations=96 (full 0):
 garbage-first heap   total 432128K, used 192412K [0x00000000c0000000, 0x00000000c0100d30, 0x0000000100000000)
  region size 1024K, 4 young (4096K), 4 survivors (4096K)
 Metaspace       used 139176K, capacity 150096K, committed 150524K, reserved 1177600K
  class space    used 19894K, capacity 23230K, committed 23292K, reserved 1048576K
}

