# JRE version: OpenJDK Runtime Environment (8.0_212-b03) (build 1.8.0_212-8u212-b03-0ubuntu1.16.04.1-b03)
# Java VM: OpenJDK 64-Bit Server VM (25.212-b03 mixed mode linux-amd64 compressed oops)
Heap:
 garbage-first heap   total 581632K, used 416566K [0x00000000c0000000, 0x00000000c01011c0, 0x0000000100000000)
  region size 1024K, 199 young (203776K), 28 survivors (28672K)
 Metaspace       used 155745K, capacity 168124K, committed 177996K, reserved 1202176K
  class space    used 21493K, capacity 24961K, committed 25420K, reserved 1048576K
GC Heap History (10 events):
Event: 3290,983 GC heap before
{Heap before GC invocations=212 (full 0):
 garbage-first heap   total 264192K, used 232112K [0x00000000c0000000, 0x00000000c0100810, 0x0000000100000000)
  region size 1024K, 22 young (22528K), 4 survivors (4096K)
 Metaspace       used 152476K, capacity 163698K, committed 177484K, reserved 1202176K
  class space    used 21119K, capacity 24348K, committed 24908K, reserved 1048576K
Event: 3291,002 GC heap after
Heap after GC invocations=213 (full 0):
 garbage-first heap   total 421888K, used 215012K [0x00000000c0000000, 0x00000000c0100ce0, 0x0000000100000000)
  region size 1024K, 3 young (3072K), 3 survivors (3072K)
 Metaspace       used 152476K, capacity 163698K, committed 177484K, reserved 1202176K
  class space    used 21119K, capacity 24348K, committed 24908K, reserved 1048576K
}
Event: 3298,753 GC heap before
{Heap before GC invocations=214 (full 0):
 garbage-first heap   total 449536K, used 439268K [0x00000000c0000000, 0x00000000c0100db8, 0x0000000100000000)
  region size 1024K, 151 young (154624K), 3 survivors (3072K)
 Metaspace       used 152996K, capacity 164330K, committed 177484K, reserved 1202176K
  class space    used 21159K, capacity 24391K, committed 24908K, reserved 1048576K
Event: 3298,806 GC heap after
Heap after GC invocations=215 (full 0):
 garbage-first heap   total 581632K, used 225764K [0x00000000c0000000, 0x00000000c01011c0, 0x0000000100000000)
  region size 1024K, 15 young (15360K), 15 survivors (15360K)
 Metaspace       used 152996K, capacity 164330K, committed 177484K, reserved 1202176K
  class space    used 21159K, capacity 24391K, committed 24908K, reserved 1048576K
}
Event: 3299,782 GC heap before
{Heap before GC invocations=215 (full 0):
 garbage-first heap   total 581632K, used 247268K [0x00000000c0000000, 0x00000000c01011c0, 0x0000000100000000)
  region size 1024K, 28 young (28672K), 15 survivors (15360K)
 Metaspace       used 153019K, capacity 164394K, committed 177484K, reserved 1202176K
  class space    used 21159K, capacity 24391K, committed 24908K, reserved 1048576K
Event: 3299,807 GC heap after
Heap after GC invocations=216 (full 0):
 garbage-first heap   total 581632K, used 225078K [0x00000000c0000000, 0x00000000c01011c0, 0x0000000100000000)
  region size 1024K, 3 young (3072K), 3 survivors (3072K)
 Metaspace       used 153019K, capacity 164394K, committed 177484K, reserved 1202176K
  class space    used 21159K, capacity 24391K, committed 24908K, reserved 1048576K
}
Event: 3304,350 GC heap before
{Heap before GC invocations=216 (full 0):
 garbage-first heap   total 581632K, used 528182K [0x00000000c0000000, 0x00000000c01011c0, 0x0000000100000000)
  region size 1024K, 267 young (273408K), 3 survivors (3072K)
 Metaspace       used 153267K, capacity 164842K, committed 177612K, reserved 1202176K
  class space    used 21179K, capacity 24431K, committed 25036K, reserved 1048576K
Event: 3304,393 GC heap after
Heap after GC invocations=217 (full 0):
 garbage-first heap   total 581632K, used 234294K [0x00000000c0000000, 0x00000000c01011c0, 0x0000000100000000)
  region size 1024K, 20 young (20480K), 20 survivors (20480K)
 Metaspace       used 153267K, capacity 164842K, committed 177612K, reserved 1202176K
  class space    used 21179K, capacity 24431K, committed 25036K, reserved 1048576K
}
Event: 3306,202 GC heap before
{Heap before GC invocations=217 (full 0):
 garbage-first heap   total 581632K, used 498486K [0x00000000c0000000, 0x00000000c01011c0, 0x0000000100000000)
  region size 1024K, 278 young (284672K), 20 survivors (20480K)
 Metaspace       used 154190K, capacity 165990K, committed 177740K, reserved 1202176K
  class space    used 21308K, capacity 24647K, committed 25164K, reserved 1048576K
Event: 3306,243 GC heap after
Heap after GC invocations=218 (full 0):
 garbage-first heap   total 581632K, used 242486K [0x00000000c0000000, 0x00000000c01011c0, 0x0000000100000000)
  region size 1024K, 28 young (28672K), 28 survivors (28672K)
 Metaspace       used 154190K, capacity 165990K, committed 177740K, reserved 1202176K
  class space    used 21308K, capacity 24647K, committed 25164K, reserved 1048576K
}

