# JRE version: OpenJDK Runtime Environment (8.0_151-b12) (build 1.8.0_151-8u151-b12-0ubuntu0.16.04.2-b12)
# Java VM: OpenJDK 64-Bit Server VM (25.151-b12 mixed mode linux-amd64 compressed oops)
Heap:
 garbage-first heap   total 573440K, used 377156K [0x00000000c0000000, 0x00000000c0101180, 0x0000000100000000)
  region size 1024K, 137 young (140288K), 3 survivors (3072K)
 Metaspace       used 157073K, capacity 170826K, committed 170932K, reserved 1193984K
  class space    used 21736K, capacity 25763K, committed 25828K, reserved 1048576K
GC Heap History (10 events):
Event: 8029,087 GC heap before
{Heap before GC invocations=138 (full 0):
 garbage-first heap   total 573440K, used 509119K [0x00000000c0000000, 0x00000000c0101180, 0x0000000100000000)
  region size 1024K, 267 young (273408K), 6 survivors (6144K)
 Metaspace       used 156116K, capacity 169428K, committed 169652K, reserved 1193984K
  class space    used 21616K, capacity 25561K, committed 25572K, reserved 1048576K
Event: 8029,124 GC heap after
Heap after GC invocations=139 (full 0):
 garbage-first heap   total 573440K, used 241348K [0x00000000c0000000, 0x00000000c0101180, 0x0000000100000000)
  region size 1024K, 5 young (5120K), 5 survivors (5120K)
 Metaspace       used 156116K, capacity 169428K, committed 169652K, reserved 1193984K
  class space    used 21616K, capacity 25561K, committed 25572K, reserved 1048576K
}
Event: 8118,834 GC heap before
{Heap before GC invocations=139 (full 0):
 garbage-first heap   total 573440K, used 510660K [0x00000000c0000000, 0x00000000c0101180, 0x0000000100000000)
  region size 1024K, 268 young (274432K), 5 survivors (5120K)
 Metaspace       used 156122K, capacity 169428K, committed 169652K, reserved 1193984K
  class space    used 21616K, capacity 25561K, committed 25572K, reserved 1048576K
Event: 8118,862 GC heap after
Heap after GC invocations=140 (full 0):
 garbage-first heap   total 573440K, used 241376K [0x00000000c0000000, 0x00000000c0101180, 0x0000000100000000)
  region size 1024K, 5 young (5120K), 5 survivors (5120K)
 Metaspace       used 156122K, capacity 169428K, committed 169652K, reserved 1193984K
  class space    used 21616K, capacity 25561K, committed 25572K, reserved 1048576K
}
Event: 8202,364 GC heap before
{Heap before GC invocations=140 (full 0):
 garbage-first heap   total 573440K, used 510688K [0x00000000c0000000, 0x00000000c0101180, 0x0000000100000000)
  region size 1024K, 268 young (274432K), 5 survivors (5120K)
 Metaspace       used 156124K, capacity 169428K, committed 169652K, reserved 1193984K
  class space    used 21616K, capacity 25561K, committed 25572K, reserved 1048576K
Event: 8202,391 GC heap after
Heap after GC invocations=141 (full 0):
 garbage-first heap   total 573440K, used 241596K [0x00000000c0000000, 0x00000000c0101180, 0x0000000100000000)
  region size 1024K, 5 young (5120K), 5 survivors (5120K)
 Metaspace       used 156124K, capacity 169428K, committed 169652K, reserved 1193984K
  class space    used 21616K, capacity 25561K, committed 25572K, reserved 1048576K
}
Event: 8268,761 GC heap before
{Heap before GC invocations=141 (full 0):
 garbage-first heap   total 573440K, used 510908K [0x00000000c0000000, 0x00000000c0101180, 0x0000000100000000)
  region size 1024K, 268 young (274432K), 5 survivors (5120K)
 Metaspace       used 156125K, capacity 169428K, committed 169652K, reserved 1193984K
  class space    used 21616K, capacity 25561K, committed 25572K, reserved 1048576K
Event: 8268,788 GC heap after
Heap after GC invocations=142 (full 0):
 garbage-first heap   total 573440K, used 241414K [0x00000000c0000000, 0x00000000c0101180, 0x0000000100000000)
  region size 1024K, 5 young (5120K), 5 survivors (5120K)
 Metaspace       used 156125K, capacity 169428K, committed 169652K, reserved 1193984K
  class space    used 21616K, capacity 25561K, committed 25572K, reserved 1048576K
}
Event: 8386,968 GC heap before
{Heap before GC invocations=142 (full 0):
 garbage-first heap   total 573440K, used 509702K [0x00000000c0000000, 0x00000000c0101180, 0x0000000100000000)
  region size 1024K, 267 young (273408K), 5 survivors (5120K)
 Metaspace       used 156125K, capacity 169428K, committed 169652K, reserved 1193984K
  class space    used 21616K, capacity 25561K, committed 25572K, reserved 1048576K
Event: 8386,991 GC heap after
Heap after GC invocations=143 (full 0):
 garbage-first heap   total 573440K, used 240964K [0x00000000c0000000, 0x00000000c0101180, 0x0000000100000000)
  region size 1024K, 3 young (3072K), 3 survivors (3072K)
 Metaspace       used 156125K, capacity 169428K, committed 169652K, reserved 1193984K
  class space    used 21616K, capacity 25561K, committed 25572K, reserved 1048576K
}

