# JRE version: OpenJDK Runtime Environment (8.0_151-b12) (build 1.8.0_151-8u151-b12-0ubuntu0.16.04.2-b12)
# Java VM: OpenJDK 64-Bit Server VM (25.151-b12 mixed mode linux-amd64 compressed oops)
Heap:
 garbage-first heap   total 438272K, used 167117K [0x00000000c0000000, 0x00000000c0100d60, 0x0000000100000000)
  region size 1024K, 40 young (40960K), 11 survivors (11264K)
 Metaspace       used 155814K, capacity 167452K, committed 168268K, reserved 1191936K
  class space    used 21530K, capacity 25019K, committed 25164K, reserved 1048576K
GC Heap History (10 events):
Event: 3597,033 GC heap before
{Heap before GC invocations=130 (full 0):
 garbage-first heap   total 438272K, used 381645K [0x00000000c0000000, 0x00000000c0100d60, 0x0000000100000000)
  region size 1024K, 249 young (254976K), 11 survivors (11264K)
 Metaspace       used 154497K, capacity 165722K, committed 167372K, reserved 1191936K
  class space    used 21361K, capacity 24670K, committed 25036K, reserved 1048576K
Event: 3597,093 GC heap after
Heap after GC invocations=131 (full 0):
 garbage-first heap   total 438272K, used 137933K [0x00000000c0000000, 0x00000000c0100d60, 0x0000000100000000)
  region size 1024K, 11 young (11264K), 11 survivors (11264K)
 Metaspace       used 154497K, capacity 165722K, committed 167372K, reserved 1191936K
  class space    used 21361K, capacity 24670K, committed 25036K, reserved 1048576K
}
Event: 3803,942 GC heap before
{Heap before GC invocations=131 (full 0):
 garbage-first heap   total 438272K, used 381645K [0x00000000c0000000, 0x00000000c0100d60, 0x0000000100000000)
  region size 1024K, 249 young (254976K), 11 survivors (11264K)
 Metaspace       used 154712K, capacity 165952K, committed 167372K, reserved 1191936K
  class space    used 21387K, capacity 24703K, committed 25036K, reserved 1048576K
Event: 3804,002 GC heap after
Heap after GC invocations=132 (full 0):
 garbage-first heap   total 438272K, used 137933K [0x00000000c0000000, 0x00000000c0100d60, 0x0000000100000000)
  region size 1024K, 11 young (11264K), 11 survivors (11264K)
 Metaspace       used 154712K, capacity 165952K, committed 167372K, reserved 1191936K
  class space    used 21387K, capacity 24703K, committed 25036K, reserved 1048576K
}
Event: 4078,499 GC heap before
{Heap before GC invocations=132 (full 0):
 garbage-first heap   total 438272K, used 381645K [0x00000000c0000000, 0x00000000c0100d60, 0x0000000100000000)
  region size 1024K, 249 young (254976K), 11 survivors (11264K)
 Metaspace       used 154747K, capacity 165964K, committed 167372K, reserved 1191936K
  class space    used 21388K, capacity 24705K, committed 25036K, reserved 1048576K
Event: 4078,740 GC heap after
Heap after GC invocations=133 (full 0):
 garbage-first heap   total 438272K, used 137421K [0x00000000c0000000, 0x00000000c0100d60, 0x0000000100000000)
  region size 1024K, 10 young (10240K), 10 survivors (10240K)
 Metaspace       used 154747K, capacity 165964K, committed 167372K, reserved 1191936K
  class space    used 21388K, capacity 24705K, committed 25036K, reserved 1048576K
}
Event: 4472,237 GC heap before
{Heap before GC invocations=133 (full 0):
 garbage-first heap   total 438272K, used 383181K [0x00000000c0000000, 0x00000000c0100d60, 0x0000000100000000)
  region size 1024K, 250 young (256000K), 10 survivors (10240K)
 Metaspace       used 154846K, capacity 166118K, committed 167628K, reserved 1191936K
  class space    used 21397K, capacity 24733K, committed 25036K, reserved 1048576K
Event: 4472,390 GC heap after
Heap after GC invocations=134 (full 0):
 garbage-first heap   total 438272K, used 137933K [0x00000000c0000000, 0x00000000c0100d60, 0x0000000100000000)
  region size 1024K, 11 young (11264K), 11 survivors (11264K)
 Metaspace       used 154846K, capacity 166118K, committed 167628K, reserved 1191936K
  class space    used 21397K, capacity 24733K, committed 25036K, reserved 1048576K
}
Event: 4690,219 GC heap before
{Heap before GC invocations=134 (full 0):
 garbage-first heap   total 438272K, used 381645K [0x00000000c0000000, 0x00000000c0100d60, 0x0000000100000000)
  region size 1024K, 249 young (254976K), 11 survivors (11264K)
 Metaspace       used 155152K, capacity 166758K, committed 167884K, reserved 1191936K
  class space    used 21437K, capacity 24858K, committed 25036K, reserved 1048576K
Event: 4690,329 GC heap after
Heap after GC invocations=135 (full 0):
 garbage-first heap   total 438272K, used 138445K [0x00000000c0000000, 0x00000000c0100d60, 0x0000000100000000)
  region size 1024K, 11 young (11264K), 11 survivors (11264K)
 Metaspace       used 155152K, capacity 166758K, committed 167884K, reserved 1191936K
  class space    used 21437K, capacity 24858K, committed 25036K, reserved 1048576K
}

